# JRE version: OpenJDK Runtime Environment (7.0_79-b14) (build 1.7.0_79-b14)
# Java VM: OpenJDK 64-Bit Server VM (24.79-b02 mixed mode linux-amd64 compressed oops)
Heap
 PSYoungGen      total 18944K, used 5255K [0x00000000ece00000, 0x00000000eed80000, 0x0000000100000000)
  eden space 18432K, 28% used [0x00000000ece00000,0x00000000ed319ff8,0x00000000ee000000)
  from space 512K, 6% used [0x00000000eec80000,0x00000000eec88000,0x00000000eed00000)
  to   space 512K, 0% used [0x00000000eed00000,0x00000000eed00000,0x00000000eed80000)
 ParOldGen       total 38912K, used 27245K [0x00000000c6a00000, 0x00000000c9000000, 0x00000000ece00000)
  object space 38912K, 70% used [0x00000000c6a00000,0x00000000c849b7d0,0x00000000c9000000)
 PSPermGen       total 21504K, used 19889K [0x00000000bc400000, 0x00000000bd900000, 0x00000000c6a00000)
  object space 21504K, 92% used [0x00000000bc400000,0x00000000bd76c628,0x00000000bd900000)
GC Heap History (10 events):
Event: 588.782 GC heap before
{Heap before GC invocations=145 (full 0):
 PSYoungGen      total 18944K, used 18496K [0x00000000ece00000, 0x00000000eed80000, 0x0000000100000000)
  eden space 18432K, 100% used [0x00000000ece00000,0x00000000ee000000,0x00000000ee000000)
  from space 512K, 12% used [0x00000000eed00000,0x00000000eed10000,0x00000000eed80000)
  to   space 512K, 0% used [0x00000000eec80000,0x00000000eec80000,0x00000000eed00000)
 ParOldGen       total 38912K, used 27245K [0x00000000c6a00000, 0x00000000c9000000, 0x00000000ece00000)
  object space 38912K, 70% used [0x00000000c6a00000,0x00000000c849b7d0,0x00000000c9000000)
 PSPermGen       total 21504K, used 19806K [0x00000000bc400000, 0x00000000bd900000, 0x00000000c6a00000)
  object space 21504K, 92% used [0x00000000bc400000,0x00000000bd757ac8,0x00000000bd900000)
Event: 588.783 GC heap after
Heap after GC invocations=145 (full 0):
 PSYoungGen      total 18944K, used 64K [0x00000000ece00000, 0x00000000eed80000, 0x0000000100000000)
  eden space 18432K, 0% used [0x00000000ece00000,0x00000000ece00000,0x00000000ee000000)
  from space 512K, 12% used [0x00000000eec80000,0x00000000eec90000,0x00000000eed00000)
  to   space 512K, 0% used [0x00000000eed00000,0x00000000eed00000,0x00000000eed80000)
 ParOldGen       total 38912K, used 27245K [0x00000000c6a00000, 0x00000000c9000000, 0x00000000ece00000)
  object space 38912K, 70% used [0x00000000c6a00000,0x00000000c849b7d0,0x00000000c9000000)
 PSPermGen       total 21504K, used 19806K [0x00000000bc400000, 0x00000000bd900000, 0x00000000c6a00000)
  object space 21504K, 92% used [0x00000000bc400000,0x00000000bd757ac8,0x00000000bd900000)
}
Event: 591.142 GC heap before
{Heap before GC invocations=146 (full 0):
 PSYoungGen      total 18944K, used 18496K [0x00000000ece00000, 0x00000000eed80000, 0x0000000100000000)
  eden space 18432K, 100% used [0x00000000ece00000,0x00000000ee000000,0x00000000ee000000)
  from space 512K, 12% used [0x00000000eec80000,0x00000000eec90000,0x00000000eed00000)
  to   space 512K, 0% used [0x00000000eed00000,0x00000000eed00000,0x00000000eed80000)
 ParOldGen       total 38912K, used 27245K [0x00000000c6a00000, 0x00000000c9000000, 0x00000000ece00000)
  object space 38912K, 70% used [0x00000000c6a00000,0x00000000c849b7d0,0x00000000c9000000)
 PSPermGen       total 21504K, used 19806K [0x00000000bc400000, 0x00000000bd900000, 0x00000000c6a00000)
  object space 21504K, 92% used [0x00000000bc400000,0x00000000bd757ac8,0x00000000bd900000)
Event: 591.144 GC heap after
Heap after GC invocations=146 (full 0):
 PSYoungGen      total 18944K, used 64K [0x00000000ece00000, 0x00000000eed80000, 0x0000000100000000)
  eden space 18432K, 0% used [0x00000000ece00000,0x00000000ece00000,0x00000000ee000000)
  from space 512K, 12% used [0x00000000eed00000,0x00000000eed10000,0x00000000eed80000)
  to   space 512K, 0% used [0x00000000eec80000,0x00000000eec80000,0x00000000eed00000)
 ParOldGen       total 38912K, used 27245K [0x00000000c6a00000, 0x00000000c9000000, 0x00000000ece00000)
  object space 38912K, 70% used [0x00000000c6a00000,0x00000000c849b7d0,0x00000000c9000000)
 PSPermGen       total 21504K, used 19806K [0x00000000bc400000, 0x00000000bd900000, 0x00000000c6a00000)
  object space 21504K, 92% used [0x00000000bc400000,0x00000000bd757ac8,0x00000000bd900000)
}
Event: 593.500 GC heap before
{Heap before GC invocations=147 (full 0):
 PSYoungGen      total 18944K, used 18496K [0x00000000ece00000, 0x00000000eed80000, 0x0000000100000000)
  eden space 18432K, 100% used [0x00000000ece00000,0x00000000ee000000,0x00000000ee000000)
  from space 512K, 12% used [0x00000000eed00000,0x00000000eed10000,0x00000000eed80000)
  to   space 512K, 0% used [0x00000000eec80000,0x00000000eec80000,0x00000000eed00000)
 ParOldGen       total 38912K, used 27245K [0x00000000c6a00000, 0x00000000c9000000, 0x00000000ece00000)
  object space 38912K, 70% used [0x00000000c6a00000,0x00000000c849b7d0,0x00000000c9000000)
 PSPermGen       total 21504K, used 19806K [0x00000000bc400000, 0x00000000bd900000, 0x00000000c6a00000)
  object space 21504K, 92% used [0x00000000bc400000,0x00000000bd757ac8,0x00000000bd900000)
Event: 593.502 GC heap after
Heap after GC invocations=147 (full 0):
 PSYoungGen      total 18944K, used 64K [0x00000000ece00000, 0x00000000eed80000, 0x0000000100000000)
  eden space 18432K, 0% used [0x00000000ece00000,0x00000000ece00000,0x00000000ee000000)
  from space 512K, 12% used [0x00000000eec80000,0x00000000eec90000,0x00000000eed00000)
  to   space 512K, 0% used [0x00000000eed00000,0x00000000eed00000,0x00000000eed80000)
 ParOldGen       total 38912K, used 27245K [0x00000000c6a00000, 0x00000000c9000000, 0x00000000ece00000)
  object space 38912K, 70% used [0x00000000c6a00000,0x00000000c849b7d0,0x00000000c9000000)
 PSPermGen       total 21504K, used 19806K [0x00000000bc400000, 0x00000000bd900000, 0x00000000c6a00000)
  object space 21504K, 92% used [0x00000000bc400000,0x00000000bd757ac8,0x00000000bd900000)
}
Event: 595.834 GC heap before
{Heap before GC invocations=148 (full 0):
 PSYoungGen      total 18944K, used 18496K [0x00000000ece00000, 0x00000000eed80000, 0x0000000100000000)
  eden space 18432K, 100% used [0x00000000ece00000,0x00000000ee000000,0x00000000ee000000)
  from space 512K, 12% used [0x00000000eec80000,0x00000000eec90000,0x00000000eed00000)
  to   space 512K, 0% used [0x00000000eed00000,0x00000000eed00000,0x00000000eed80000)
 ParOldGen       total 38912K, used 27245K [0x00000000c6a00000, 0x00000000c9000000, 0x00000000ece00000)
  object space 38912K, 70% used [0x00000000c6a00000,0x00000000c849b7d0,0x00000000c9000000)
 PSPermGen       total 21504K, used 19806K [0x00000000bc400000, 0x00000000bd900000, 0x00000000c6a00000)
  object space 21504K, 92% used [0x00000000bc400000,0x00000000bd757ac8,0x00000000bd900000)
Event: 595.836 GC heap after
Heap after GC invocations=148 (full 0):
 PSYoungGen      total 18944K, used 64K [0x00000000ece00000, 0x00000000eed80000, 0x0000000100000000)
  eden space 18432K, 0% used [0x00000000ece00000,0x00000000ece00000,0x00000000ee000000)
  from space 512K, 12% used [0x00000000eed00000,0x00000000eed10000,0x00000000eed80000)
  to   space 512K, 0% used [0x00000000eec80000,0x00000000eec80000,0x00000000eed00000)
 ParOldGen       total 38912K, used 27245K [0x00000000c6a00000, 0x00000000c9000000, 0x00000000ece00000)
  object space 38912K, 70% used [0x00000000c6a00000,0x00000000c849b7d0,0x00000000c9000000)
 PSPermGen       total 21504K, used 19806K [0x00000000bc400000, 0x00000000bd900000, 0x00000000c6a00000)
  object space 21504K, 92% used [0x00000000bc400000,0x00000000bd757ac8,0x00000000bd900000)
}
Event: 598.271 GC heap before
{Heap before GC invocations=149 (full 0):
 PSYoungGen      total 18944K, used 18496K [0x00000000ece00000, 0x00000000eed80000, 0x0000000100000000)
  eden space 18432K, 100% used [0x00000000ece00000,0x00000000ee000000,0x00000000ee000000)
  from space 512K, 12% used [0x00000000eed00000,0x00000000eed10000,0x00000000eed80000)
  to   space 512K, 0% used [0x00000000eec80000,0x00000000eec80000,0x00000000eed00000)
 ParOldGen       total 38912K, used 27245K [0x00000000c6a00000, 0x00000000c9000000, 0x00000000ece00000)
  object space 38912K, 70% used [0x00000000c6a00000,0x00000000c849b7d0,0x00000000c9000000)
 PSPermGen       total 21504K, used 19806K [0x00000000bc400000, 0x00000000bd900000, 0x00000000c6a00000)
  object space 21504K, 92% used [0x00000000bc400000,0x00000000bd757ac8,0x00000000bd900000)
Event: 598.272 GC heap after
Heap after GC invocations=149 (full 0):
 PSYoungGen      total 18944K, used 32K [0x00000000ece00000, 0x00000000eed80000, 0x0000000100000000)
  eden space 18432K, 0% used [0x00000000ece00000,0x00000000ece00000,0x00000000ee000000)
  from space 512K, 6% used [0x00000000eec80000,0x00000000eec88000,0x00000000eed00000)
  to   space 512K, 0% used [0x00000000eed00000,0x00000000eed00000,0x00000000eed80000)
 ParOldGen       total 38912K, used 27245K [0x00000000c6a00000, 0x00000000c9000000, 0x00000000ece00000)
  object space 38912K, 70% used [0x00000000c6a00000,0x00000000c849b7d0,0x00000000c9000000)
 PSPermGen       total 21504K, used 19806K [0x00000000bc400000, 0x00000000bd900000, 0x00000000c6a00000)
  object space 21504K, 92% used [0x00000000bc400000,0x00000000bd757ac8,0x00000000bd900000)
}

