# JRE version: OpenJDK Runtime Environment (7.0_79-b14) (build 1.7.0_79-b14)
# Java VM: OpenJDK 64-Bit Server VM (24.79-b02 mixed mode linux-amd64 compressed oops)
Heap
 PSYoungGen      total 122368K, used 52617K [0x00000000ece00000, 0x00000000f5d80000, 0x0000000100000000)
  eden space 113152K, 46% used [0x00000000ece00000,0x00000000f01625b8,0x00000000f3c80000)
  from space 9216K, 0% used [0x00000000f5480000,0x00000000f5480000,0x00000000f5d80000)
  to   space 16896K, 0% used [0x00000000f3c80000,0x00000000f3c80000,0x00000000f4d00000)
 ParOldGen       total 60416K, used 31927K [0x00000000c6a00000, 0x00000000ca500000, 0x00000000ece00000)
  object space 60416K, 52% used [0x00000000c6a00000,0x00000000c892dfc0,0x00000000ca500000)
 PSPermGen       total 39936K, used 19807K [0x00000000bc400000, 0x00000000beb00000, 0x00000000c6a00000)
  object space 39936K, 49% used [0x00000000bc400000,0x00000000bd757fc0,0x00000000beb00000)
GC Heap History (10 events):
Event: 6.854 GC heap before
{Heap before GC invocations=7 (full 0):
 PSYoungGen      total 73216K, used 70176K [0x00000000ece00000, 0x00000000f1f00000, 0x0000000100000000)
  eden space 63488K, 100% used [0x00000000ece00000,0x00000000f0c00000,0x00000000f0c00000)
  from space 9728K, 68% used [0x00000000f1580000,0x00000000f1c081c0,0x00000000f1f00000)
  to   space 9728K, 0% used [0x00000000f0c00000,0x00000000f0c00000,0x00000000f1580000)
 ParOldGen       total 38912K, used 13455K [0x00000000c6a00000, 0x00000000c9000000, 0x00000000ece00000)
  object space 38912K, 34% used [0x00000000c6a00000,0x00000000c7723fe8,0x00000000c9000000)
 PSPermGen       total 21504K, used 19544K [0x00000000bc400000, 0x00000000bd900000, 0x00000000c6a00000)
  object space 21504K, 90% used [0x00000000bc400000,0x00000000bd7163a0,0x00000000bd900000)
Event: 6.867 GC heap after
Heap after GC invocations=7 (full 0):
 PSYoungGen      total 73216K, used 9680K [0x00000000ece00000, 0x00000000f6100000, 0x0000000100000000)
  eden space 63488K, 0% used [0x00000000ece00000,0x00000000ece00000,0x00000000f0c00000)
  from space 9728K, 99% used [0x00000000f0c00000,0x00000000f1574280,0x00000000f1580000)
  to   space 11776K, 0% used [0x00000000f5580000,0x00000000f5580000,0x00000000f6100000)
 ParOldGen       total 38912K, used 15965K [0x00000000c6a00000, 0x00000000c9000000, 0x00000000ece00000)
  object space 38912K, 41% used [0x00000000c6a00000,0x00000000c7997720,0x00000000c9000000)
 PSPermGen       total 21504K, used 19544K [0x00000000bc400000, 0x00000000bd900000, 0x00000000c6a00000)
  object space 21504K, 90% used [0x00000000bc400000,0x00000000bd7163a0,0x00000000bd900000)
}
Event: 9.811 GC heap before
{Heap before GC invocations=8 (full 0):
 PSYoungGen      total 73216K, used 73077K [0x00000000ece00000, 0x00000000f6100000, 0x0000000100000000)
  eden space 63488K, 99% used [0x00000000ece00000,0x00000000f0be9280,0x00000000f0c00000)
  from space 9728K, 99% used [0x00000000f0c00000,0x00000000f1574280,0x00000000f1580000)
  to   space 11776K, 0% used [0x00000000f5580000,0x00000000f5580000,0x00000000f6100000)
 ParOldGen       total 38912K, used 15965K [0x00000000c6a00000, 0x00000000c9000000, 0x00000000ece00000)
  object space 38912K, 41% used [0x00000000c6a00000,0x00000000c7997720,0x00000000c9000000)
 PSPermGen       total 21504K, used 19612K [0x00000000bc400000, 0x00000000bd900000, 0x00000000c6a00000)
  object space 21504K, 91% used [0x00000000bc400000,0x00000000bd727268,0x00000000bd900000)
Event: 9.825 GC heap after
Heap after GC invocations=8 (full 0):
 PSYoungGen      total 135168K, used 11760K [0x00000000ece00000, 0x00000000f6800000, 0x0000000100000000)
  eden space 123392K, 0% used [0x00000000ece00000,0x00000000ece00000,0x00000000f4680000)
  from space 11776K, 99% used [0x00000000f5580000,0x00000000f60fc300,0x00000000f6100000)
  to   space 15360K, 0% used [0x00000000f4680000,0x00000000f4680000,0x00000000f5580000)
 ParOldGen       total 38912K, used 20406K [0x00000000c6a00000, 0x00000000c9000000, 0x00000000ece00000)
  object space 38912K, 52% used [0x00000000c6a00000,0x00000000c7ded890,0x00000000c9000000)
 PSPermGen       total 21504K, used 19612K [0x00000000bc400000, 0x00000000bd900000, 0x00000000c6a00000)
  object space 21504K, 91% used [0x00000000bc400000,0x00000000bd727268,0x00000000bd900000)
}
Event: 20.362 GC heap before
{Heap before GC invocations=9 (full 0):
 PSYoungGen      total 135168K, used 135152K [0x00000000ece00000, 0x00000000f6800000, 0x0000000100000000)
  eden space 123392K, 100% used [0x00000000ece00000,0x00000000f4680000,0x00000000f4680000)
  from space 11776K, 99% used [0x00000000f5580000,0x00000000f60fc300,0x00000000f6100000)
  to   space 15360K, 0% used [0x00000000f4680000,0x00000000f4680000,0x00000000f5580000)
 ParOldGen       total 38912K, used 20406K [0x00000000c6a00000, 0x00000000c9000000, 0x00000000ece00000)
  object space 38912K, 52% used [0x00000000c6a00000,0x00000000c7ded890,0x00000000c9000000)
 PSPermGen       total 21504K, used 19673K [0x00000000bc400000, 0x00000000bd900000, 0x00000000c6a00000)
  object space 21504K, 91% used [0x00000000bc400000,0x00000000bd7366a8,0x00000000bd900000)
Event: 20.376 GC heap after
Heap after GC invocations=9 (full 0):
 PSYoungGen      total 132608K, used 14240K [0x00000000ece00000, 0x00000000f6380000, 0x0000000100000000)
  eden space 118272K, 0% used [0x00000000ece00000,0x00000000ece00000,0x00000000f4180000)
  from space 14336K, 99% used [0x00000000f4680000,0x00000000f5468370,0x00000000f5480000)
  to   space 15360K, 0% used [0x00000000f5480000,0x00000000f5480000,0x00000000f6380000)
 ParOldGen       total 38912K, used 23526K [0x00000000c6a00000, 0x00000000c9000000, 0x00000000ece00000)
  object space 38912K, 60% used [0x00000000c6a00000,0x00000000c80f9960,0x00000000c9000000)
 PSPermGen       total 21504K, used 19673K [0x00000000bc400000, 0x00000000bd900000, 0x00000000c6a00000)
  object space 21504K, 91% used [0x00000000bc400000,0x00000000bd7366a8,0x00000000bd900000)
}
Event: 44.436 GC heap before
{Heap before GC invocations=10 (full 0):
 PSYoungGen      total 132608K, used 132512K [0x00000000ece00000, 0x00000000f6380000, 0x0000000100000000)
  eden space 118272K, 100% used [0x00000000ece00000,0x00000000f4180000,0x00000000f4180000)
  from space 14336K, 99% used [0x00000000f4680000,0x00000000f5468370,0x00000000f5480000)
  to   space 15360K, 0% used [0x00000000f5480000,0x00000000f5480000,0x00000000f6380000)
 ParOldGen       total 38912K, used 23526K [0x00000000c6a00000, 0x00000000c9000000, 0x00000000ece00000)
  object space 38912K, 60% used [0x00000000c6a00000,0x00000000c80f9960,0x00000000c9000000)
 PSPermGen       total 21504K, used 19798K [0x00000000bc400000, 0x00000000bd900000, 0x00000000c6a00000)
  object space 21504K, 92% used [0x00000000bc400000,0x00000000bd755bb8,0x00000000bd900000)
Event: 44.460 GC heap after
Heap after GC invocations=10 (full 0):
 PSYoungGen      total 122368K, used 6848K [0x00000000ece00000, 0x00000000f5d80000, 0x0000000100000000)
  eden space 113152K, 0% used [0x00000000ece00000,0x00000000ece00000,0x00000000f3c80000)
  from space 9216K, 74% used [0x00000000f5480000,0x00000000f5b301a0,0x00000000f5d80000)
  to   space 16896K, 0% used [0x00000000f3c80000,0x00000000f3c80000,0x00000000f4d00000)
 ParOldGen       total 38912K, used 31022K [0x00000000c6a00000, 0x00000000c9000000, 0x00000000ece00000)
  object space 38912K, 79% used [0x00000000c6a00000,0x00000000c884bb30,0x00000000c9000000)
 PSPermGen       total 21504K, used 19798K [0x00000000bc400000, 0x00000000bd900000, 0x00000000c6a00000)
  object space 21504K, 92% used [0x00000000bc400000,0x00000000bd755bb8,0x00000000bd900000)
}
Event: 44.460 GC heap before
{Heap before GC invocations=11 (full 1):
 PSYoungGen      total 122368K, used 6848K [0x00000000ece00000, 0x00000000f5d80000, 0x0000000100000000)
  eden space 113152K, 0% used [0x00000000ece00000,0x00000000ece00000,0x00000000f3c80000)
  from space 9216K, 74% used [0x00000000f5480000,0x00000000f5b301a0,0x00000000f5d80000)
  to   space 16896K, 0% used [0x00000000f3c80000,0x00000000f3c80000,0x00000000f4d00000)
 ParOldGen       total 38912K, used 31022K [0x00000000c6a00000, 0x00000000c9000000, 0x00000000ece00000)
  object space 38912K, 79% used [0x00000000c6a00000,0x00000000c884bb30,0x00000000c9000000)
 PSPermGen       total 21504K, used 19798K [0x00000000bc400000, 0x00000000bd900000, 0x00000000c6a00000)
  object space 21504K, 92% used [0x00000000bc400000,0x00000000bd755bb8,0x00000000bd900000)
Event: 44.595 GC heap after
Heap after GC invocations=11 (full 1):
 PSYoungGen      total 122368K, used 0K [0x00000000ece00000, 0x00000000f5d80000, 0x0000000100000000)
  eden space 113152K, 0% used [0x00000000ece00000,0x00000000ece00000,0x00000000f3c80000)
  from space 9216K, 0% used [0x00000000f5480000,0x00000000f5480000,0x00000000f5d80000)
  to   space 16896K, 0% used [0x00000000f3c80000,0x00000000f3c80000,0x00000000f4d00000)
 ParOldGen       total 60416K, used 31927K [0x00000000c6a00000, 0x00000000ca500000, 0x00000000ece00000)
  object space 60416K, 52% used [0x00000000c6a00000,0x00000000c892dfc0,0x00000000ca500000)
 PSPermGen       total 39936K, used 19794K [0x00000000bc400000, 0x00000000beb00000, 0x00000000c6a00000)
  object space 39936K, 49% used [0x00000000bc400000,0x00000000bd754908,0x00000000beb00000)
}

