# JRE version: OpenJDK Runtime Environment (7.0_79-b14) (build 1.7.0_79-b14)
# Java VM: OpenJDK 64-Bit Server VM (24.79-b02 mixed mode linux-amd64 compressed oops)
Heap
 PSYoungGen      total 18944K, used 17699K [0x00000000ece00000, 0x00000000eed00000, 0x0000000100000000)
  eden space 18432K, 95% used [0x00000000ece00000,0x00000000edf38e80,0x00000000ee000000)
  from space 512K, 12% used [0x00000000eec00000,0x00000000eec10000,0x00000000eec80000)
  to   space 512K, 0% used [0x00000000eec80000,0x00000000eec80000,0x00000000eed00000)
 ParOldGen       total 38912K, used 28520K [0x00000000c6a00000, 0x00000000c9000000, 0x00000000ece00000)
  object space 38912K, 73% used [0x00000000c6a00000,0x00000000c85da110,0x00000000c9000000)
 PSPermGen       total 21504K, used 19902K [0x00000000bc400000, 0x00000000bd900000, 0x00000000c6a00000)
  object space 21504K, 92% used [0x00000000bc400000,0x00000000bd76f900,0x00000000bd900000)
GC Heap History (10 events):
Event: 1062.601 GC heap before
{Heap before GC invocations=329 (full 0):
 PSYoungGen      total 18944K, used 18464K [0x00000000ece00000, 0x00000000eed00000, 0x0000000100000000)
  eden space 18432K, 100% used [0x00000000ece00000,0x00000000ee000000,0x00000000ee000000)
  from space 512K, 6% used [0x00000000eec80000,0x00000000eec88000,0x00000000eed00000)
  to   space 512K, 0% used [0x00000000eec00000,0x00000000eec00000,0x00000000eec80000)
 ParOldGen       total 38912K, used 28520K [0x00000000c6a00000, 0x00000000c9000000, 0x00000000ece00000)
  object space 38912K, 73% used [0x00000000c6a00000,0x00000000c85da110,0x00000000c9000000)
 PSPermGen       total 21504K, used 19896K [0x00000000bc400000, 0x00000000bd900000, 0x00000000c6a00000)
  object space 21504K, 92% used [0x00000000bc400000,0x00000000bd76e130,0x00000000bd900000)
Event: 1062.603 GC heap after
Heap after GC invocations=329 (full 0):
 PSYoungGen      total 18944K, used 64K [0x00000000ece00000, 0x00000000eed00000, 0x0000000100000000)
  eden space 18432K, 0% used [0x00000000ece00000,0x00000000ece00000,0x00000000ee000000)
  from space 512K, 12% used [0x00000000eec00000,0x00000000eec10000,0x00000000eec80000)
  to   space 512K, 0% used [0x00000000eec80000,0x00000000eec80000,0x00000000eed00000)
 ParOldGen       total 38912K, used 28520K [0x00000000c6a00000, 0x00000000c9000000, 0x00000000ece00000)
  object space 38912K, 73% used [0x00000000c6a00000,0x00000000c85da110,0x00000000c9000000)
 PSPermGen       total 21504K, used 19896K [0x00000000bc400000, 0x00000000bd900000, 0x00000000c6a00000)
  object space 21504K, 92% used [0x00000000bc400000,0x00000000bd76e130,0x00000000bd900000)
}
Event: 1064.923 GC heap before
{Heap before GC invocations=330 (full 0):
 PSYoungGen      total 18944K, used 18496K [0x00000000ece00000, 0x00000000eed00000, 0x0000000100000000)
  eden space 18432K, 100% used [0x00000000ece00000,0x00000000ee000000,0x00000000ee000000)
  from space 512K, 12% used [0x00000000eec00000,0x00000000eec10000,0x00000000eec80000)
  to   space 512K, 0% used [0x00000000eec80000,0x00000000eec80000,0x00000000eed00000)
 ParOldGen       total 38912K, used 28520K [0x00000000c6a00000, 0x00000000c9000000, 0x00000000ece00000)
  object space 38912K, 73% used [0x00000000c6a00000,0x00000000c85da110,0x00000000c9000000)
 PSPermGen       total 21504K, used 19896K [0x00000000bc400000, 0x00000000bd900000, 0x00000000c6a00000)
  object space 21504K, 92% used [0x00000000bc400000,0x00000000bd76e130,0x00000000bd900000)
Event: 1064.925 GC heap after
Heap after GC invocations=330 (full 0):
 PSYoungGen      total 18944K, used 32K [0x00000000ece00000, 0x00000000eed00000, 0x0000000100000000)
  eden space 18432K, 0% used [0x00000000ece00000,0x00000000ece00000,0x00000000ee000000)
  from space 512K, 6% used [0x00000000eec80000,0x00000000eec88000,0x00000000eed00000)
  to   space 512K, 0% used [0x00000000eec00000,0x00000000eec00000,0x00000000eec80000)
 ParOldGen       total 38912K, used 28520K [0x00000000c6a00000, 0x00000000c9000000, 0x00000000ece00000)
  object space 38912K, 73% used [0x00000000c6a00000,0x00000000c85da110,0x00000000c9000000)
 PSPermGen       total 21504K, used 19896K [0x00000000bc400000, 0x00000000bd900000, 0x00000000c6a00000)
  object space 21504K, 92% used [0x00000000bc400000,0x00000000bd76e130,0x00000000bd900000)
}
Event: 1067.253 GC heap before
{Heap before GC invocations=331 (full 0):
 PSYoungGen      total 18944K, used 18464K [0x00000000ece00000, 0x00000000eed00000, 0x0000000100000000)
  eden space 18432K, 100% used [0x00000000ece00000,0x00000000ee000000,0x00000000ee000000)
  from space 512K, 6% used [0x00000000eec80000,0x00000000eec88000,0x00000000eed00000)
  to   space 512K, 0% used [0x00000000eec00000,0x00000000eec00000,0x00000000eec80000)
 ParOldGen       total 38912K, used 28520K [0x00000000c6a00000, 0x00000000c9000000, 0x00000000ece00000)
  object space 38912K, 73% used [0x00000000c6a00000,0x00000000c85da110,0x00000000c9000000)
 PSPermGen       total 21504K, used 19896K [0x00000000bc400000, 0x00000000bd900000, 0x00000000c6a00000)
  object space 21504K, 92% used [0x00000000bc400000,0x00000000bd76e130,0x00000000bd900000)
Event: 1067.255 GC heap after
Heap after GC invocations=331 (full 0):
 PSYoungGen      total 18944K, used 64K [0x00000000ece00000, 0x00000000eed00000, 0x0000000100000000)
  eden space 18432K, 0% used [0x00000000ece00000,0x00000000ece00000,0x00000000ee000000)
  from space 512K, 12% used [0x00000000eec00000,0x00000000eec10000,0x00000000eec80000)
  to   space 512K, 0% used [0x00000000eec80000,0x00000000eec80000,0x00000000eed00000)
 ParOldGen       total 38912K, used 28520K [0x00000000c6a00000, 0x00000000c9000000, 0x00000000ece00000)
  object space 38912K, 73% used [0x00000000c6a00000,0x00000000c85da110,0x00000000c9000000)
 PSPermGen       total 21504K, used 19896K [0x00000000bc400000, 0x00000000bd900000, 0x00000000c6a00000)
  object space 21504K, 92% used [0x00000000bc400000,0x00000000bd76e130,0x00000000bd900000)
}
Event: 1069.584 GC heap before
{Heap before GC invocations=332 (full 0):
 PSYoungGen      total 18944K, used 18496K [0x00000000ece00000, 0x00000000eed00000, 0x0000000100000000)
  eden space 18432K, 100% used [0x00000000ece00000,0x00000000ee000000,0x00000000ee000000)
  from space 512K, 12% used [0x00000000eec00000,0x00000000eec10000,0x00000000eec80000)
  to   space 512K, 0% used [0x00000000eec80000,0x00000000eec80000,0x00000000eed00000)
 ParOldGen       total 38912K, used 28520K [0x00000000c6a00000, 0x00000000c9000000, 0x00000000ece00000)
  object space 38912K, 73% used [0x00000000c6a00000,0x00000000c85da110,0x00000000c9000000)
 PSPermGen       total 21504K, used 19896K [0x00000000bc400000, 0x00000000bd900000, 0x00000000c6a00000)
  object space 21504K, 92% used [0x00000000bc400000,0x00000000bd76e130,0x00000000bd900000)
Event: 1069.595 GC heap after
Heap after GC invocations=332 (full 0):
 PSYoungGen      total 18944K, used 64K [0x00000000ece00000, 0x00000000eed00000, 0x0000000100000000)
  eden space 18432K, 0% used [0x00000000ece00000,0x00000000ece00000,0x00000000ee000000)
  from space 512K, 12% used [0x00000000eec80000,0x00000000eec90000,0x00000000eed00000)
  to   space 512K, 0% used [0x00000000eec00000,0x00000000eec00000,0x00000000eec80000)
 ParOldGen       total 38912K, used 28520K [0x00000000c6a00000, 0x00000000c9000000, 0x00000000ece00000)
  object space 38912K, 73% used [0x00000000c6a00000,0x00000000c85da110,0x00000000c9000000)
 PSPermGen       total 21504K, used 19896K [0x00000000bc400000, 0x00000000bd900000, 0x00000000c6a00000)
  object space 21504K, 92% used [0x00000000bc400000,0x00000000bd76e130,0x00000000bd900000)
}
Event: 1072.020 GC heap before
{Heap before GC invocations=333 (full 0):
 PSYoungGen      total 18944K, used 18496K [0x00000000ece00000, 0x00000000eed00000, 0x0000000100000000)
  eden space 18432K, 100% used [0x00000000ece00000,0x00000000ee000000,0x00000000ee000000)
  from space 512K, 12% used [0x00000000eec80000,0x00000000eec90000,0x00000000eed00000)
  to   space 512K, 0% used [0x00000000eec00000,0x00000000eec00000,0x00000000eec80000)
 ParOldGen       total 38912K, used 28520K [0x00000000c6a00000, 0x00000000c9000000, 0x00000000ece00000)
  object space 38912K, 73% used [0x00000000c6a00000,0x00000000c85da110,0x00000000c9000000)
 PSPermGen       total 21504K, used 19896K [0x00000000bc400000, 0x00000000bd900000, 0x00000000c6a00000)
  object space 21504K, 92% used [0x00000000bc400000,0x00000000bd76e130,0x00000000bd900000)
Event: 1072.023 GC heap after
Heap after GC invocations=333 (full 0):
 PSYoungGen      total 18944K, used 64K [0x00000000ece00000, 0x00000000eed00000, 0x0000000100000000)
  eden space 18432K, 0% used [0x00000000ece00000,0x00000000ece00000,0x00000000ee000000)
  from space 512K, 12% used [0x00000000eec00000,0x00000000eec10000,0x00000000eec80000)
  to   space 512K, 0% used [0x00000000eec80000,0x00000000eec80000,0x00000000eed00000)
 ParOldGen       total 38912K, used 28520K [0x00000000c6a00000, 0x00000000c9000000, 0x00000000ece00000)
  object space 38912K, 73% used [0x00000000c6a00000,0x00000000c85da110,0x00000000c9000000)
 PSPermGen       total 21504K, used 19896K [0x00000000bc400000, 0x00000000bd900000, 0x00000000c6a00000)
  object space 21504K, 92% used [0x00000000bc400000,0x00000000bd76e130,0x00000000bd900000)
}

