# JRE version: OpenJDK Runtime Environment (7.0_79-b14) (build 1.7.0_79-b14)
# Java VM: OpenJDK 64-Bit Server VM (24.79-b02 mixed mode linux-amd64 compressed oops)
Heap
 PSYoungGen      total 17920K, used 12746K [0x00000000ece00000, 0x00000000ef100000, 0x0000000100000000)
  eden space 15872K, 67% used [0x00000000ece00000,0x00000000ed876b60,0x00000000edd80000)
  from space 2048K, 99% used [0x00000000edf80000,0x00000000ee17c010,0x00000000ee180000)
  to   space 2048K, 0% used [0x00000000edd80000,0x00000000edd80000,0x00000000edf80000)
 ParOldGen       total 38912K, used 4737K [0x00000000c6a00000, 0x00000000c9000000, 0x00000000ece00000)
  object space 38912K, 12% used [0x00000000c6a00000,0x00000000c6ea0558,0x00000000c9000000)
 PSPermGen       total 21504K, used 19227K [0x00000000bc400000, 0x00000000bd900000, 0x00000000c6a00000)
  object space 21504K, 89% used [0x00000000bc400000,0x00000000bd6c6c40,0x00000000bd900000)
GC Heap History (4 events):
Event: 2.201 GC heap before
{Heap before GC invocations=1 (full 0):
 PSYoungGen      total 17920K, used 15872K [0x00000000ece00000, 0x00000000ee180000, 0x0000000100000000)
  eden space 15872K, 100% used [0x00000000ece00000,0x00000000edd80000,0x00000000edd80000)
  from space 2048K, 0% used [0x00000000edf80000,0x00000000edf80000,0x00000000ee180000)
  to   space 2048K, 0% used [0x00000000edd80000,0x00000000edd80000,0x00000000edf80000)
 ParOldGen       total 38912K, used 0K [0x00000000c6a00000, 0x00000000c9000000, 0x00000000ece00000)
  object space 38912K, 0% used [0x00000000c6a00000,0x00000000c6a00000,0x00000000c9000000)
 PSPermGen       total 21504K, used 12633K [0x00000000bc400000, 0x00000000bd900000, 0x00000000c6a00000)
  object space 21504K, 58% used [0x00000000bc400000,0x00000000bd0567d0,0x00000000bd900000)
Event: 2.211 GC heap after
Heap after GC invocations=1 (full 0):
 PSYoungGen      total 17920K, used 2041K [0x00000000ece00000, 0x00000000ee180000, 0x0000000100000000)
  eden space 15872K, 0% used [0x00000000ece00000,0x00000000ece00000,0x00000000edd80000)
  from space 2048K, 99% used [0x00000000edd80000,0x00000000edf7e5e8,0x00000000edf80000)
  to   space 2048K, 0% used [0x00000000edf80000,0x00000000edf80000,0x00000000ee180000)
 ParOldGen       total 38912K, used 1234K [0x00000000c6a00000, 0x00000000c9000000, 0x00000000ece00000)
  object space 38912K, 3% used [0x00000000c6a00000,0x00000000c6b34b88,0x00000000c9000000)
 PSPermGen       total 21504K, used 12633K [0x00000000bc400000, 0x00000000bd900000, 0x00000000c6a00000)
  object space 21504K, 58% used [0x00000000bc400000,0x00000000bd0567d0,0x00000000bd900000)
}
Event: 3.390 GC heap before
{Heap before GC invocations=2 (full 0):
 PSYoungGen      total 17920K, used 17913K [0x00000000ece00000, 0x00000000ee180000, 0x0000000100000000)
  eden space 15872K, 100% used [0x00000000ece00000,0x00000000edd80000,0x00000000edd80000)
  from space 2048K, 99% used [0x00000000edd80000,0x00000000edf7e5e8,0x00000000edf80000)
  to   space 2048K, 0% used [0x00000000edf80000,0x00000000edf80000,0x00000000ee180000)
 ParOldGen       total 38912K, used 1234K [0x00000000c6a00000, 0x00000000c9000000, 0x00000000ece00000)
  object space 38912K, 3% used [0x00000000c6a00000,0x00000000c6b34b88,0x00000000c9000000)
 PSPermGen       total 21504K, used 17619K [0x00000000bc400000, 0x00000000bd900000, 0x00000000c6a00000)
  object space 21504K, 81% used [0x00000000bc400000,0x00000000bd534d28,0x00000000bd900000)
Event: 3.426 GC heap after
Heap after GC invocations=2 (full 0):
 PSYoungGen      total 17920K, used 2032K [0x00000000ece00000, 0x00000000ef100000, 0x0000000100000000)
  eden space 15872K, 0% used [0x00000000ece00000,0x00000000ece00000,0x00000000edd80000)
  from space 2048K, 99% used [0x00000000edf80000,0x00000000ee17c010,0x00000000ee180000)
  to   space 2048K, 0% used [0x00000000edd80000,0x00000000edd80000,0x00000000edf80000)
 ParOldGen       total 38912K, used 4737K [0x00000000c6a00000, 0x00000000c9000000, 0x00000000ece00000)
  object space 38912K, 12% used [0x00000000c6a00000,0x00000000c6ea0558,0x00000000c9000000)
 PSPermGen       total 21504K, used 17619K [0x00000000bc400000, 0x00000000bd900000, 0x00000000c6a00000)
  object space 21504K, 81% used [0x00000000bc400000,0x00000000bd534d28,0x00000000bd900000)
}

