# JRE version: OpenJDK Runtime Environment (7.0_79-b14) (build 1.7.0_79-b14)
# Java VM: OpenJDK 64-Bit Server VM (24.79-b02 mixed mode linux-amd64 compressed oops)
Heap
 PSYoungGen      total 138752K, used 40727K [0x00000000ece00000, 0x00000000f6100000, 0x0000000100000000)
  eden space 126976K, 30% used [0x00000000ece00000,0x00000000ef3a5e78,0x00000000f4a00000)
  from space 11776K, 18% used [0x00000000f5580000,0x00000000f57a0040,0x00000000f6100000)
  to   space 11776K, 0% used [0x00000000f4a00000,0x00000000f4a00000,0x00000000f5580000)
 ParOldGen       total 38912K, used 22286K [0x00000000c6a00000, 0x00000000c9000000, 0x00000000ece00000)
  object space 38912K, 57% used [0x00000000c6a00000,0x00000000c7fc3a28,0x00000000c9000000)
 PSPermGen       total 21504K, used 20415K [0x00000000bc400000, 0x00000000bd900000, 0x00000000c6a00000)
  object space 21504K, 94% used [0x00000000bc400000,0x00000000bd7effd0,0x00000000bd900000)
GC Heap History (10 events):
Event: 1.793 GC heap before
{Heap before GC invocations=2 (full 0):
 PSYoungGen      total 17920K, used 17893K [0x00000000ece00000, 0x00000000ef100000, 0x0000000100000000)
  eden space 15872K, 100% used [0x00000000ece00000,0x00000000edd80000,0x00000000edd80000)
  from space 2048K, 98% used [0x00000000edd80000,0x00000000edf79660,0x00000000edf80000)
  to   space 2048K, 0% used [0x00000000eef00000,0x00000000eef00000,0x00000000ef100000)
 ParOldGen       total 38912K, used 1198K [0x00000000c6a00000, 0x00000000c9000000, 0x00000000ece00000)
  object space 38912K, 3% used [0x00000000c6a00000,0x00000000c6b2baf0,0x00000000c9000000)
 PSPermGen       total 21504K, used 17538K [0x00000000bc400000, 0x00000000bd900000, 0x00000000c6a00000)
  object space 21504K, 81% used [0x00000000bc400000,0x00000000bd5209d8,0x00000000bd900000)
Event: 1.808 GC heap after
Heap after GC invocations=2 (full 0):
 PSYoungGen      total 33792K, used 2034K [0x00000000ece00000, 0x00000000ef100000, 0x0000000100000000)
  eden space 31744K, 0% used [0x00000000ece00000,0x00000000ece00000,0x00000000eed00000)
  from space 2048K, 99% used [0x00000000eef00000,0x00000000ef0fc840,0x00000000ef100000)
  to   space 2048K, 0% used [0x00000000eed00000,0x00000000eed00000,0x00000000eef00000)
 ParOldGen       total 38912K, used 4606K [0x00000000c6a00000, 0x00000000c9000000, 0x00000000ece00000)
  object space 38912K, 11% used [0x00000000c6a00000,0x00000000c6e7f8c0,0x00000000c9000000)
 PSPermGen       total 21504K, used 17538K [0x00000000bc400000, 0x00000000bd900000, 0x00000000c6a00000)
  object space 21504K, 81% used [0x00000000bc400000,0x00000000bd5209d8,0x00000000bd900000)
}
Event: 4.158 GC heap before
{Heap before GC invocations=3 (full 0):
 PSYoungGen      total 33792K, used 33710K [0x00000000ece00000, 0x00000000ef100000, 0x0000000100000000)
  eden space 31744K, 99% used [0x00000000ece00000,0x00000000eecef318,0x00000000eed00000)
  from space 2048K, 99% used [0x00000000eef00000,0x00000000ef0fc840,0x00000000ef100000)
  to   space 2048K, 0% used [0x00000000eed00000,0x00000000eed00000,0x00000000eef00000)
 ParOldGen       total 38912K, used 4606K [0x00000000c6a00000, 0x00000000c9000000, 0x00000000ece00000)
  object space 38912K, 11% used [0x00000000c6a00000,0x00000000c6e7f8c0,0x00000000c9000000)
 PSPermGen       total 21504K, used 20067K [0x00000000bc400000, 0x00000000bd900000, 0x00000000c6a00000)
  object space 21504K, 93% used [0x00000000bc400000,0x00000000bd798c08,0x00000000bd900000)
Event: 4.179 GC heap after
Heap after GC invocations=3 (full 0):
 PSYoungGen      total 33792K, used 2016K [0x00000000ece00000, 0x00000000f1000000, 0x0000000100000000)
  eden space 31744K, 0% used [0x00000000ece00000,0x00000000ece00000,0x00000000eed00000)
  from space 2048K, 98% used [0x00000000eed00000,0x00000000eeef8030,0x00000000eef00000)
  to   space 2048K, 0% used [0x00000000f0e00000,0x00000000f0e00000,0x00000000f1000000)
 ParOldGen       total 38912K, used 13691K [0x00000000c6a00000, 0x00000000c9000000, 0x00000000ece00000)
  object space 38912K, 35% used [0x00000000c6a00000,0x00000000c775ed58,0x00000000c9000000)
 PSPermGen       total 21504K, used 20067K [0x00000000bc400000, 0x00000000bd900000, 0x00000000c6a00000)
  object space 21504K, 93% used [0x00000000bc400000,0x00000000bd798c08,0x00000000bd900000)
}
Event: 4.639 GC heap before
{Heap before GC invocations=4 (full 0):
 PSYoungGen      total 33792K, used 33699K [0x00000000ece00000, 0x00000000f1000000, 0x0000000100000000)
  eden space 31744K, 99% used [0x00000000ece00000,0x00000000eecf0c00,0x00000000eed00000)
  from space 2048K, 98% used [0x00000000eed00000,0x00000000eeef8030,0x00000000eef00000)
  to   space 2048K, 0% used [0x00000000f0e00000,0x00000000f0e00000,0x00000000f1000000)
 ParOldGen       total 38912K, used 13691K [0x00000000c6a00000, 0x00000000c9000000, 0x00000000ece00000)
  object space 38912K, 35% used [0x00000000c6a00000,0x00000000c775ed58,0x00000000c9000000)
 PSPermGen       total 21504K, used 20070K [0x00000000bc400000, 0x00000000bd900000, 0x00000000c6a00000)
  object space 21504K, 93% used [0x00000000bc400000,0x00000000bd799940,0x00000000bd900000)
Event: 4.704 GC heap after
Heap after GC invocations=4 (full 0):
 PSYoungGen      total 65536K, used 2016K [0x00000000ece00000, 0x00000000f1000000, 0x0000000100000000)
  eden space 63488K, 0% used [0x00000000ece00000,0x00000000ece00000,0x00000000f0c00000)
  from space 2048K, 98% used [0x00000000f0e00000,0x00000000f0ff8030,0x00000000f1000000)
  to   space 2048K, 0% used [0x00000000f0c00000,0x00000000f0c00000,0x00000000f0e00000)
 ParOldGen       total 38912K, used 19410K [0x00000000c6a00000, 0x00000000c9000000, 0x00000000ece00000)
  object space 38912K, 49% used [0x00000000c6a00000,0x00000000c7cf4bf0,0x00000000c9000000)
 PSPermGen       total 21504K, used 20070K [0x00000000bc400000, 0x00000000bd900000, 0x00000000c6a00000)
  object space 21504K, 93% used [0x00000000bc400000,0x00000000bd799940,0x00000000bd900000)
}
Event: 14.298 GC heap before
{Heap before GC invocations=5 (full 0):
 PSYoungGen      total 65536K, used 65504K [0x00000000ece00000, 0x00000000f1000000, 0x0000000100000000)
  eden space 63488K, 100% used [0x00000000ece00000,0x00000000f0c00000,0x00000000f0c00000)
  from space 2048K, 98% used [0x00000000f0e00000,0x00000000f0ff8030,0x00000000f1000000)
  to   space 2048K, 0% used [0x00000000f0c00000,0x00000000f0c00000,0x00000000f0e00000)
 ParOldGen       total 38912K, used 19410K [0x00000000c6a00000, 0x00000000c9000000, 0x00000000ece00000)
  object space 38912K, 49% used [0x00000000c6a00000,0x00000000c7cf4bf0,0x00000000c9000000)
 PSPermGen       total 21504K, used 20200K [0x00000000bc400000, 0x00000000bd900000, 0x00000000c6a00000)
  object space 21504K, 93% used [0x00000000bc400000,0x00000000bd7ba378,0x00000000bd900000)
Event: 14.307 GC heap after
Heap after GC invocations=5 (full 0):
 PSYoungGen      total 65536K, used 2016K [0x00000000ece00000, 0x00000000f6100000, 0x0000000100000000)
  eden space 63488K, 0% used [0x00000000ece00000,0x00000000ece00000,0x00000000f0c00000)
  from space 2048K, 98% used [0x00000000f0c00000,0x00000000f0df8040,0x00000000f0e00000)
  to   space 11776K, 0% used [0x00000000f5580000,0x00000000f5580000,0x00000000f6100000)
 ParOldGen       total 38912K, used 22286K [0x00000000c6a00000, 0x00000000c9000000, 0x00000000ece00000)
  object space 38912K, 57% used [0x00000000c6a00000,0x00000000c7fc3a28,0x00000000c9000000)
 PSPermGen       total 21504K, used 20200K [0x00000000bc400000, 0x00000000bd900000, 0x00000000c6a00000)
  object space 21504K, 93% used [0x00000000bc400000,0x00000000bd7ba378,0x00000000bd900000)
}
Event: 31.071 GC heap before
{Heap before GC invocations=6 (full 0):
 PSYoungGen      total 65536K, used 65504K [0x00000000ece00000, 0x00000000f6100000, 0x0000000100000000)
  eden space 63488K, 100% used [0x00000000ece00000,0x00000000f0c00000,0x00000000f0c00000)
  from space 2048K, 98% used [0x00000000f0c00000,0x00000000f0df8040,0x00000000f0e00000)
  to   space 11776K, 0% used [0x00000000f5580000,0x00000000f5580000,0x00000000f6100000)
 ParOldGen       total 38912K, used 22286K [0x00000000c6a00000, 0x00000000c9000000, 0x00000000ece00000)
  object space 38912K, 57% used [0x00000000c6a00000,0x00000000c7fc3a28,0x00000000c9000000)
 PSPermGen       total 21504K, used 20370K [0x00000000bc400000, 0x00000000bd900000, 0x00000000c6a00000)
  object space 21504K, 94% used [0x00000000bc400000,0x00000000bd7e4a40,0x00000000bd900000)
Event: 31.079 GC heap after
Heap after GC invocations=6 (full 0):
 PSYoungGen      total 138752K, used 2176K [0x00000000ece00000, 0x00000000f6100000, 0x0000000100000000)
  eden space 126976K, 0% used [0x00000000ece00000,0x00000000ece00000,0x00000000f4a00000)
  from space 11776K, 18% used [0x00000000f5580000,0x00000000f57a0040,0x00000000f6100000)
  to   space 11776K, 0% used [0x00000000f4a00000,0x00000000f4a00000,0x00000000f5580000)
 ParOldGen       total 38912K, used 22286K [0x00000000c6a00000, 0x00000000c9000000, 0x00000000ece00000)
  object space 38912K, 57% used [0x00000000c6a00000,0x00000000c7fc3a28,0x00000000c9000000)
 PSPermGen       total 21504K, used 20370K [0x00000000bc400000, 0x00000000bd900000, 0x00000000c6a00000)
  object space 21504K, 94% used [0x00000000bc400000,0x00000000bd7e4a40,0x00000000bd900000)
}

