# JRE version: OpenJDK Runtime Environment (7.0_79-b14) (build 1.7.0_79-b14)
# Java VM: OpenJDK 64-Bit Server VM (24.79-b02 mixed mode linux-amd64 compressed oops)
Heap
 PSYoungGen      total 72704K, used 41748K [0x00000000ece00000, 0x00000000f1e00000, 0x0000000100000000)
  eden space 63488K, 62% used [0x00000000ece00000,0x00000000ef4c1118,0x00000000f0c00000)
  from space 9216K, 22% used [0x00000000f1500000,0x00000000f1704060,0x00000000f1e00000)
  to   space 9216K, 0% used [0x00000000f0c00000,0x00000000f0c00000,0x00000000f1500000)
 ParOldGen       total 38912K, used 16540K [0x00000000c6a00000, 0x00000000c9000000, 0x00000000ece00000)
  object space 38912K, 42% used [0x00000000c6a00000,0x00000000c7a27190,0x00000000c9000000)
 PSPermGen       total 21504K, used 20375K [0x00000000bc400000, 0x00000000bd900000, 0x00000000c6a00000)
  object space 21504K, 94% used [0x00000000bc400000,0x00000000bd7e5ef0,0x00000000bd900000)
GC Heap History (10 events):
Event: 6.804 GC heap before
{Heap before GC invocations=2 (full 0):
 PSYoungGen      total 17920K, used 17888K [0x00000000ece00000, 0x00000000ee180000, 0x0000000100000000)
  eden space 15872K, 100% used [0x00000000ece00000,0x00000000edd80000,0x00000000edd80000)
  from space 2048K, 98% used [0x00000000edd80000,0x00000000edf78238,0x00000000edf80000)
  to   space 2048K, 0% used [0x00000000edf80000,0x00000000edf80000,0x00000000ee180000)
 ParOldGen       total 38912K, used 1140K [0x00000000c6a00000, 0x00000000c9000000, 0x00000000ece00000)
  object space 38912K, 2% used [0x00000000c6a00000,0x00000000c6b1d310,0x00000000c9000000)
 PSPermGen       total 21504K, used 17499K [0x00000000bc400000, 0x00000000bd900000, 0x00000000c6a00000)
  object space 21504K, 81% used [0x00000000bc400000,0x00000000bd516d90,0x00000000bd900000)
Event: 6.818 GC heap after
Heap after GC invocations=2 (full 0):
 PSYoungGen      total 17920K, used 2034K [0x00000000ece00000, 0x00000000ee180000, 0x0000000100000000)
  eden space 15872K, 0% used [0x00000000ece00000,0x00000000ece00000,0x00000000edd80000)
  from space 2048K, 99% used [0x00000000edf80000,0x00000000ee17c840,0x00000000ee180000)
  to   space 2048K, 0% used [0x00000000edd80000,0x00000000edd80000,0x00000000edf80000)
 ParOldGen       total 38912K, used 4566K [0x00000000c6a00000, 0x00000000c9000000, 0x00000000ece00000)
  object space 38912K, 11% used [0x00000000c6a00000,0x00000000c6e75a80,0x00000000c9000000)
 PSPermGen       total 21504K, used 17499K [0x00000000bc400000, 0x00000000bd900000, 0x00000000c6a00000)
  object space 21504K, 81% used [0x00000000bc400000,0x00000000bd516d90,0x00000000bd900000)
}
Event: 9.055 GC heap before
{Heap before GC invocations=3 (full 0):
 PSYoungGen      total 17920K, used 17906K [0x00000000ece00000, 0x00000000ee180000, 0x0000000100000000)
  eden space 15872K, 100% used [0x00000000ece00000,0x00000000edd80000,0x00000000edd80000)
  from space 2048K, 99% used [0x00000000edf80000,0x00000000ee17c840,0x00000000ee180000)
  to   space 2048K, 0% used [0x00000000edd80000,0x00000000edd80000,0x00000000edf80000)
 ParOldGen       total 38912K, used 4566K [0x00000000c6a00000, 0x00000000c9000000, 0x00000000ece00000)
  object space 38912K, 11% used [0x00000000c6a00000,0x00000000c6e75a80,0x00000000c9000000)
 PSPermGen       total 21504K, used 20087K [0x00000000bc400000, 0x00000000bd900000, 0x00000000c6a00000)
  object space 21504K, 93% used [0x00000000bc400000,0x00000000bd79dfa0,0x00000000bd900000)
Event: 9.144 GC heap after
Heap after GC invocations=3 (full 0):
 PSYoungGen      total 17920K, used 2034K [0x00000000ece00000, 0x00000000ef100000, 0x0000000100000000)
  eden space 15872K, 0% used [0x00000000ece00000,0x00000000ece00000,0x00000000edd80000)
  from space 2048K, 99% used [0x00000000edd80000,0x00000000edf7c860,0x00000000edf80000)
  to   space 2048K, 0% used [0x00000000eef00000,0x00000000eef00000,0x00000000ef100000)
 ParOldGen       total 38912K, used 11436K [0x00000000c6a00000, 0x00000000c9000000, 0x00000000ece00000)
  object space 38912K, 29% used [0x00000000c6a00000,0x00000000c752b060,0x00000000c9000000)
 PSPermGen       total 21504K, used 20087K [0x00000000bc400000, 0x00000000bd900000, 0x00000000c6a00000)
  object space 21504K, 93% used [0x00000000bc400000,0x00000000bd79dfa0,0x00000000bd900000)
}
Event: 9.514 GC heap before
{Heap before GC invocations=4 (full 0):
 PSYoungGen      total 17920K, used 17906K [0x00000000ece00000, 0x00000000ef100000, 0x0000000100000000)
  eden space 15872K, 100% used [0x00000000ece00000,0x00000000edd80000,0x00000000edd80000)
  from space 2048K, 99% used [0x00000000edd80000,0x00000000edf7c860,0x00000000edf80000)
  to   space 2048K, 0% used [0x00000000eef00000,0x00000000eef00000,0x00000000ef100000)
 ParOldGen       total 38912K, used 11436K [0x00000000c6a00000, 0x00000000c9000000, 0x00000000ece00000)
  object space 38912K, 29% used [0x00000000c6a00000,0x00000000c752b060,0x00000000c9000000)
 PSPermGen       total 21504K, used 20100K [0x00000000bc400000, 0x00000000bd900000, 0x00000000c6a00000)
  object space 21504K, 93% used [0x00000000bc400000,0x00000000bd7a1268,0x00000000bd900000)
Event: 9.530 GC heap after
Heap after GC invocations=4 (full 0):
 PSYoungGen      total 33792K, used 2018K [0x00000000ece00000, 0x00000000ef100000, 0x0000000100000000)
  eden space 31744K, 0% used [0x00000000ece00000,0x00000000ece00000,0x00000000eed00000)
  from space 2048K, 98% used [0x00000000eef00000,0x00000000ef0f8860,0x00000000ef100000)
  to   space 2048K, 0% used [0x00000000eed00000,0x00000000eed00000,0x00000000eef00000)
 ParOldGen       total 38912K, used 14476K [0x00000000c6a00000, 0x00000000c9000000, 0x00000000ece00000)
  object space 38912K, 37% used [0x00000000c6a00000,0x00000000c7823110,0x00000000c9000000)
 PSPermGen       total 21504K, used 20100K [0x00000000bc400000, 0x00000000bd900000, 0x00000000c6a00000)
  object space 21504K, 93% used [0x00000000bc400000,0x00000000bd7a1268,0x00000000bd900000)
}
Event: 14.166 GC heap before
{Heap before GC invocations=5 (full 0):
 PSYoungGen      total 33792K, used 33762K [0x00000000ece00000, 0x00000000ef100000, 0x0000000100000000)
  eden space 31744K, 100% used [0x00000000ece00000,0x00000000eed00000,0x00000000eed00000)
  from space 2048K, 98% used [0x00000000eef00000,0x00000000ef0f8860,0x00000000ef100000)
  to   space 2048K, 0% used [0x00000000eed00000,0x00000000eed00000,0x00000000eef00000)
 ParOldGen       total 38912K, used 14476K [0x00000000c6a00000, 0x00000000c9000000, 0x00000000ece00000)
  object space 38912K, 37% used [0x00000000c6a00000,0x00000000c7823110,0x00000000c9000000)
 PSPermGen       total 21504K, used 20231K [0x00000000bc400000, 0x00000000bd900000, 0x00000000c6a00000)
  object space 21504K, 94% used [0x00000000bc400000,0x00000000bd7c1eb0,0x00000000bd900000)
Event: 14.185 GC heap after
Heap after GC invocations=5 (full 0):
 PSYoungGen      total 33792K, used 2032K [0x00000000ece00000, 0x00000000f1e00000, 0x0000000100000000)
  eden space 31744K, 0% used [0x00000000ece00000,0x00000000ece00000,0x00000000eed00000)
  from space 2048K, 99% used [0x00000000eed00000,0x00000000eeefc060,0x00000000eef00000)
  to   space 9216K, 0% used [0x00000000f1500000,0x00000000f1500000,0x00000000f1e00000)
 ParOldGen       total 38912K, used 16532K [0x00000000c6a00000, 0x00000000c9000000, 0x00000000ece00000)
  object space 38912K, 42% used [0x00000000c6a00000,0x00000000c7a25190,0x00000000c9000000)
 PSPermGen       total 21504K, used 20231K [0x00000000bc400000, 0x00000000bd900000, 0x00000000c6a00000)
  object space 21504K, 94% used [0x00000000bc400000,0x00000000bd7c1eb0,0x00000000bd900000)
}
Event: 23.252 GC heap before
{Heap before GC invocations=6 (full 0):
 PSYoungGen      total 33792K, used 33776K [0x00000000ece00000, 0x00000000f1e00000, 0x0000000100000000)
  eden space 31744K, 100% used [0x00000000ece00000,0x00000000eed00000,0x00000000eed00000)
  from space 2048K, 99% used [0x00000000eed00000,0x00000000eeefc060,0x00000000eef00000)
  to   space 9216K, 0% used [0x00000000f1500000,0x00000000f1500000,0x00000000f1e00000)
 ParOldGen       total 38912K, used 16532K [0x00000000c6a00000, 0x00000000c9000000, 0x00000000ece00000)
  object space 38912K, 42% used [0x00000000c6a00000,0x00000000c7a25190,0x00000000c9000000)
 PSPermGen       total 21504K, used 20261K [0x00000000bc400000, 0x00000000bd900000, 0x00000000c6a00000)
  object space 21504K, 94% used [0x00000000bc400000,0x00000000bd7c94f0,0x00000000bd900000)
Event: 23.269 GC heap after
Heap after GC invocations=6 (full 0):
 PSYoungGen      total 72704K, used 2064K [0x00000000ece00000, 0x00000000f1e00000, 0x0000000100000000)
  eden space 63488K, 0% used [0x00000000ece00000,0x00000000ece00000,0x00000000f0c00000)
  from space 9216K, 22% used [0x00000000f1500000,0x00000000f1704060,0x00000000f1e00000)
  to   space 9216K, 0% used [0x00000000f0c00000,0x00000000f0c00000,0x00000000f1500000)
 ParOldGen       total 38912K, used 16540K [0x00000000c6a00000, 0x00000000c9000000, 0x00000000ece00000)
  object space 38912K, 42% used [0x00000000c6a00000,0x00000000c7a27190,0x00000000c9000000)
 PSPermGen       total 21504K, used 20261K [0x00000000bc400000, 0x00000000bd900000, 0x00000000c6a00000)
  object space 21504K, 94% used [0x00000000bc400000,0x00000000bd7c94f0,0x00000000bd900000)
}

