# JRE version: OpenJDK Runtime Environment (7.0_79-b14) (build 1.7.0_79-b14)
# Java VM: OpenJDK 64-Bit Server VM (24.79-b02 mixed mode linux-amd64 compressed oops)
Heap
 PSYoungGen      total 137216K, used 94317K [0x00000000ece00000, 0x00000000f6600000, 0x0000000100000000)
  eden space 124928K, 65% used [0x00000000ece00000,0x00000000f1e2b3f8,0x00000000f4800000)
  from space 12288K, 99% used [0x00000000f5600000,0x00000000f61f02f0,0x00000000f6200000)
  to   space 14336K, 0% used [0x00000000f4800000,0x00000000f4800000,0x00000000f5600000)
 ParOldGen       total 38912K, used 17208K [0x00000000c6a00000, 0x00000000c9000000, 0x00000000ece00000)
  object space 38912K, 44% used [0x00000000c6a00000,0x00000000c7ace238,0x00000000c9000000)
 PSPermGen       total 21504K, used 19734K [0x00000000bc400000, 0x00000000bd900000, 0x00000000c6a00000)
  object space 21504K, 91% used [0x00000000bc400000,0x00000000bd745998,0x00000000bd900000)
GC Heap History (10 events):
Event: 3.296 GC heap before
{Heap before GC invocations=4 (full 0):
 PSYoungGen      total 17920K, used 17890K [0x00000000ece00000, 0x00000000ef100000, 0x0000000100000000)
  eden space 15872K, 100% used [0x00000000ece00000,0x00000000edd80000,0x00000000edd80000)
  from space 2048K, 98% used [0x00000000edd80000,0x00000000edf78870,0x00000000edf80000)
  to   space 2048K, 0% used [0x00000000eef00000,0x00000000eef00000,0x00000000ef100000)
 ParOldGen       total 38912K, used 11424K [0x00000000c6a00000, 0x00000000c9000000, 0x00000000ece00000)
  object space 38912K, 29% used [0x00000000c6a00000,0x00000000c75280e0,0x00000000c9000000)
 PSPermGen       total 21504K, used 19249K [0x00000000bc400000, 0x00000000bd900000, 0x00000000c6a00000)
  object space 21504K, 89% used [0x00000000bc400000,0x00000000bd6cc5d0,0x00000000bd900000)
Event: 3.304 GC heap after
Heap after GC invocations=4 (full 0):
 PSYoungGen      total 33792K, used 2032K [0x00000000ece00000, 0x00000000ef100000, 0x0000000100000000)
  eden space 31744K, 0% used [0x00000000ece00000,0x00000000ece00000,0x00000000eed00000)
  from space 2048K, 99% used [0x00000000eef00000,0x00000000ef0fc070,0x00000000ef100000)
  to   space 2048K, 0% used [0x00000000eed00000,0x00000000eed00000,0x00000000eef00000)
 ParOldGen       total 38912K, used 11768K [0x00000000c6a00000, 0x00000000c9000000, 0x00000000ece00000)
  object space 38912K, 30% used [0x00000000c6a00000,0x00000000c757e2a0,0x00000000c9000000)
 PSPermGen       total 21504K, used 19249K [0x00000000bc400000, 0x00000000bd900000, 0x00000000c6a00000)
  object space 21504K, 89% used [0x00000000bc400000,0x00000000bd6cc5d0,0x00000000bd900000)
}
Event: 4.057 GC heap before
{Heap before GC invocations=5 (full 0):
 PSYoungGen      total 33792K, used 33546K [0x00000000ece00000, 0x00000000ef100000, 0x0000000100000000)
  eden space 31744K, 99% used [0x00000000ece00000,0x00000000eecc69b8,0x00000000eed00000)
  from space 2048K, 99% used [0x00000000eef00000,0x00000000ef0fc070,0x00000000ef100000)
  to   space 2048K, 0% used [0x00000000eed00000,0x00000000eed00000,0x00000000eef00000)
 ParOldGen       total 38912K, used 11768K [0x00000000c6a00000, 0x00000000c9000000, 0x00000000ece00000)
  object space 38912K, 30% used [0x00000000c6a00000,0x00000000c757e2a0,0x00000000c9000000)
 PSPermGen       total 21504K, used 19376K [0x00000000bc400000, 0x00000000bd900000, 0x00000000c6a00000)
  object space 21504K, 90% used [0x00000000bc400000,0x00000000bd6ec1b0,0x00000000bd900000)
Event: 4.070 GC heap after
Heap after GC invocations=5 (full 0):
 PSYoungGen      total 33792K, used 2034K [0x00000000ece00000, 0x00000000f1f00000, 0x0000000100000000)
  eden space 31744K, 0% used [0x00000000ece00000,0x00000000ece00000,0x00000000eed00000)
  from space 2048K, 99% used [0x00000000eed00000,0x00000000eeefc870,0x00000000eef00000)
  to   space 9728K, 0% used [0x00000000f1580000,0x00000000f1580000,0x00000000f1f00000)
 ParOldGen       total 38912K, used 13882K [0x00000000c6a00000, 0x00000000c9000000, 0x00000000ece00000)
  object space 38912K, 35% used [0x00000000c6a00000,0x00000000c778ea30,0x00000000c9000000)
 PSPermGen       total 21504K, used 19376K [0x00000000bc400000, 0x00000000bd900000, 0x00000000c6a00000)
  object space 21504K, 90% used [0x00000000bc400000,0x00000000bd6ec1b0,0x00000000bd900000)
}
Event: 4.714 GC heap before
{Heap before GC invocations=6 (full 0):
 PSYoungGen      total 33792K, used 33778K [0x00000000ece00000, 0x00000000f1f00000, 0x0000000100000000)
  eden space 31744K, 100% used [0x00000000ece00000,0x00000000eed00000,0x00000000eed00000)
  from space 2048K, 99% used [0x00000000eed00000,0x00000000eeefc870,0x00000000eef00000)
  to   space 9728K, 0% used [0x00000000f1580000,0x00000000f1580000,0x00000000f1f00000)
 ParOldGen       total 38912K, used 13882K [0x00000000c6a00000, 0x00000000c9000000, 0x00000000ece00000)
  object space 38912K, 35% used [0x00000000c6a00000,0x00000000c778ea30,0x00000000c9000000)
 PSPermGen       total 21504K, used 19388K [0x00000000bc400000, 0x00000000bd900000, 0x00000000c6a00000)
  object space 21504K, 90% used [0x00000000bc400000,0x00000000bd6ef210,0x00000000bd900000)
Event: 4.724 GC heap after
Heap after GC invocations=6 (full 0):
 PSYoungGen      total 72192K, used 5776K [0x00000000ece00000, 0x00000000f1e00000, 0x0000000100000000)
  eden space 63488K, 0% used [0x00000000ece00000,0x00000000ece00000,0x00000000f0c00000)
  from space 8704K, 66% used [0x00000000f1580000,0x00000000f1b24140,0x00000000f1e00000)
  to   space 9216K, 0% used [0x00000000f0c00000,0x00000000f0c00000,0x00000000f1500000)
 ParOldGen       total 38912K, used 13882K [0x00000000c6a00000, 0x00000000c9000000, 0x00000000ece00000)
  object space 38912K, 35% used [0x00000000c6a00000,0x00000000c778ea30,0x00000000c9000000)
 PSPermGen       total 21504K, used 19388K [0x00000000bc400000, 0x00000000bd900000, 0x00000000c6a00000)
  object space 21504K, 90% used [0x00000000bc400000,0x00000000bd6ef210,0x00000000bd900000)
}
Event: 6.188 GC heap before
{Heap before GC invocations=7 (full 0):
 PSYoungGen      total 72192K, used 69052K [0x00000000ece00000, 0x00000000f1e00000, 0x0000000100000000)
  eden space 63488K, 99% used [0x00000000ece00000,0x00000000f0bcb1e0,0x00000000f0c00000)
  from space 8704K, 66% used [0x00000000f1580000,0x00000000f1b24140,0x00000000f1e00000)
  to   space 9216K, 0% used [0x00000000f0c00000,0x00000000f0c00000,0x00000000f1500000)
 ParOldGen       total 38912K, used 13882K [0x00000000c6a00000, 0x00000000c9000000, 0x00000000ece00000)
  object space 38912K, 35% used [0x00000000c6a00000,0x00000000c778ea30,0x00000000c9000000)
 PSPermGen       total 21504K, used 19492K [0x00000000bc400000, 0x00000000bd900000, 0x00000000c6a00000)
  object space 21504K, 90% used [0x00000000bc400000,0x00000000bd709168,0x00000000bd900000)
Event: 6.202 GC heap after
Heap after GC invocations=7 (full 0):
 PSYoungGen      total 72704K, used 9200K [0x00000000ece00000, 0x00000000f6200000, 0x0000000100000000)
  eden space 63488K, 0% used [0x00000000ece00000,0x00000000ece00000,0x00000000f0c00000)
  from space 9216K, 99% used [0x00000000f0c00000,0x00000000f14fc260,0x00000000f1500000)
  to   space 12288K, 0% used [0x00000000f5600000,0x00000000f5600000,0x00000000f6200000)
 ParOldGen       total 38912K, used 16608K [0x00000000c6a00000, 0x00000000c9000000, 0x00000000ece00000)
  object space 38912K, 42% used [0x00000000c6a00000,0x00000000c7a381d8,0x00000000c9000000)
 PSPermGen       total 21504K, used 19492K [0x00000000bc400000, 0x00000000bd900000, 0x00000000c6a00000)
  object space 21504K, 90% used [0x00000000bc400000,0x00000000bd709168,0x00000000bd900000)
}
Event: 14.238 GC heap before
{Heap before GC invocations=8 (full 0):
 PSYoungGen      total 72704K, used 72688K [0x00000000ece00000, 0x00000000f6200000, 0x0000000100000000)
  eden space 63488K, 100% used [0x00000000ece00000,0x00000000f0c00000,0x00000000f0c00000)
  from space 9216K, 99% used [0x00000000f0c00000,0x00000000f14fc260,0x00000000f1500000)
  to   space 12288K, 0% used [0x00000000f5600000,0x00000000f5600000,0x00000000f6200000)
 ParOldGen       total 38912K, used 16608K [0x00000000c6a00000, 0x00000000c9000000, 0x00000000ece00000)
  object space 38912K, 42% used [0x00000000c6a00000,0x00000000c7a381d8,0x00000000c9000000)
 PSPermGen       total 21504K, used 19606K [0x00000000bc400000, 0x00000000bd900000, 0x00000000c6a00000)
  object space 21504K, 91% used [0x00000000bc400000,0x00000000bd725a18,0x00000000bd900000)
Event: 14.257 GC heap after
Heap after GC invocations=8 (full 0):
 PSYoungGen      total 137216K, used 12224K [0x00000000ece00000, 0x00000000f6600000, 0x0000000100000000)
  eden space 124928K, 0% used [0x00000000ece00000,0x00000000ece00000,0x00000000f4800000)
  from space 12288K, 99% used [0x00000000f5600000,0x00000000f61f02f0,0x00000000f6200000)
  to   space 14336K, 0% used [0x00000000f4800000,0x00000000f4800000,0x00000000f5600000)
 ParOldGen       total 38912K, used 17208K [0x00000000c6a00000, 0x00000000c9000000, 0x00000000ece00000)
  object space 38912K, 44% used [0x00000000c6a00000,0x00000000c7ace238,0x00000000c9000000)
 PSPermGen       total 21504K, used 19606K [0x00000000bc400000, 0x00000000bd900000, 0x00000000c6a00000)
  object space 21504K, 91% used [0x00000000bc400000,0x00000000bd725a18,0x00000000bd900000)
}

