# JRE version: OpenJDK Runtime Environment (7.0_79-b14) (build 1.7.0_79-b14)
# Java VM: OpenJDK 64-Bit Server VM (24.79-b02 mixed mode linux-amd64 compressed oops)
Heap
 PSYoungGen      total 121856K, used 121408K [0x00000000ece00000, 0x00000000f5980000, 0x0000000100000000)
  eden space 121344K, 100% used [0x00000000ece00000,0x00000000f4480000,0x00000000f4480000)
  from space 512K, 12% used [0x00000000f4a00000,0x00000000f4a10000,0x00000000f4a80000)
  to   space 10752K, 0% used [0x00000000f4f00000,0x00000000f4f00000,0x00000000f5980000)
 ParOldGen       total 38912K, used 28570K [0x00000000c6a00000, 0x00000000c9000000, 0x00000000ece00000)
  object space 38912K, 73% used [0x00000000c6a00000,0x00000000c85e6be0,0x00000000c9000000)
 PSPermGen       total 21504K, used 20421K [0x00000000bc400000, 0x00000000bd900000, 0x00000000c6a00000)
  object space 21504K, 94% used [0x00000000bc400000,0x00000000bd7f1758,0x00000000bd900000)
GC Heap History (10 events):
Event: 4.385 GC heap before
{Heap before GC invocations=5 (full 0):
 PSYoungGen      total 33792K, used 33604K [0x00000000ece00000, 0x00000000ef100000, 0x0000000100000000)
  eden space 31744K, 99% used [0x00000000ece00000,0x00000000eecd8980,0x00000000eed00000)
  from space 2048K, 98% used [0x00000000eef00000,0x00000000ef0f8890,0x00000000ef100000)
  to   space 2048K, 0% used [0x00000000eed00000,0x00000000eed00000,0x00000000eef00000)
 ParOldGen       total 38912K, used 17737K [0x00000000c6a00000, 0x00000000c9000000, 0x00000000ece00000)
  object space 38912K, 45% used [0x00000000c6a00000,0x00000000c7b526b8,0x00000000c9000000)
 PSPermGen       total 21504K, used 20113K [0x00000000bc400000, 0x00000000bd900000, 0x00000000c6a00000)
  object space 21504K, 93% used [0x00000000bc400000,0x00000000bd7a45b0,0x00000000bd900000)
Event: 4.397 GC heap after
Heap after GC invocations=5 (full 0):
 PSYoungGen      total 33792K, used 2018K [0x00000000ece00000, 0x00000000f2100000, 0x0000000100000000)
  eden space 31744K, 0% used [0x00000000ece00000,0x00000000ece00000,0x00000000eed00000)
  from space 2048K, 98% used [0x00000000eed00000,0x00000000eeef8870,0x00000000eef00000)
  to   space 10752K, 0% used [0x00000000f1680000,0x00000000f1680000,0x00000000f2100000)
 ParOldGen       total 38912K, used 23178K [0x00000000c6a00000, 0x00000000c9000000, 0x00000000ece00000)
  object space 38912K, 59% used [0x00000000c6a00000,0x00000000c80a2808,0x00000000c9000000)
 PSPermGen       total 21504K, used 20113K [0x00000000bc400000, 0x00000000bd900000, 0x00000000c6a00000)
  object space 21504K, 93% used [0x00000000bc400000,0x00000000bd7a45b0,0x00000000bd900000)
}
Event: 6.123 GC heap before
{Heap before GC invocations=6 (full 0):
 PSYoungGen      total 33792K, used 33762K [0x00000000ece00000, 0x00000000f2100000, 0x0000000100000000)
  eden space 31744K, 100% used [0x00000000ece00000,0x00000000eed00000,0x00000000eed00000)
  from space 2048K, 98% used [0x00000000eed00000,0x00000000eeef8870,0x00000000eef00000)
  to   space 10752K, 0% used [0x00000000f1680000,0x00000000f1680000,0x00000000f2100000)
 ParOldGen       total 38912K, used 23178K [0x00000000c6a00000, 0x00000000c9000000, 0x00000000ece00000)
  object space 38912K, 59% used [0x00000000c6a00000,0x00000000c80a2808,0x00000000c9000000)
 PSPermGen       total 21504K, used 20153K [0x00000000bc400000, 0x00000000bd900000, 0x00000000c6a00000)
  object space 21504K, 93% used [0x00000000bc400000,0x00000000bd7ae4a8,0x00000000bd900000)
Event: 6.132 GC heap after
Heap after GC invocations=6 (full 0):
 PSYoungGen      total 74240K, used 5458K [0x00000000ece00000, 0x00000000f2100000, 0x0000000100000000)
  eden space 63488K, 0% used [0x00000000ece00000,0x00000000ece00000,0x00000000f0c00000)
  from space 10752K, 50% used [0x00000000f1680000,0x00000000f1bd4950,0x00000000f2100000)
  to   space 10752K, 0% used [0x00000000f0c00000,0x00000000f0c00000,0x00000000f1680000)
 ParOldGen       total 38912K, used 23178K [0x00000000c6a00000, 0x00000000c9000000, 0x00000000ece00000)
  object space 38912K, 59% used [0x00000000c6a00000,0x00000000c80a2808,0x00000000c9000000)
 PSPermGen       total 21504K, used 20153K [0x00000000bc400000, 0x00000000bd900000, 0x00000000c6a00000)
  object space 21504K, 93% used [0x00000000bc400000,0x00000000bd7ae4a8,0x00000000bd900000)
}
Event: 21.994 GC heap before
{Heap before GC invocations=7 (full 0):
 PSYoungGen      total 74240K, used 68946K [0x00000000ece00000, 0x00000000f2100000, 0x0000000100000000)
  eden space 63488K, 100% used [0x00000000ece00000,0x00000000f0c00000,0x00000000f0c00000)
  from space 10752K, 50% used [0x00000000f1680000,0x00000000f1bd4950,0x00000000f2100000)
  to   space 10752K, 0% used [0x00000000f0c00000,0x00000000f0c00000,0x00000000f1680000)
 ParOldGen       total 38912K, used 23178K [0x00000000c6a00000, 0x00000000c9000000, 0x00000000ece00000)
  object space 38912K, 59% used [0x00000000c6a00000,0x00000000c80a2808,0x00000000c9000000)
 PSPermGen       total 21504K, used 20239K [0x00000000bc400000, 0x00000000bd900000, 0x00000000c6a00000)
  object space 21504K, 94% used [0x00000000bc400000,0x00000000bd7c3e70,0x00000000bd900000)
Event: 22.018 GC heap after
Heap after GC invocations=7 (full 0):
 PSYoungGen      total 74240K, used 4592K [0x00000000ece00000, 0x00000000f5e00000, 0x0000000100000000)
  eden space 63488K, 0% used [0x00000000ece00000,0x00000000ece00000,0x00000000f0c00000)
  from space 10752K, 42% used [0x00000000f0c00000,0x00000000f107c140,0x00000000f1680000)
  to   space 10240K, 0% used [0x00000000f5400000,0x00000000f5400000,0x00000000f5e00000)
 ParOldGen       total 38912K, used 23978K [0x00000000c6a00000, 0x00000000c9000000, 0x00000000ece00000)
  object space 38912K, 61% used [0x00000000c6a00000,0x00000000c816aa90,0x00000000c9000000)
 PSPermGen       total 21504K, used 20239K [0x00000000bc400000, 0x00000000bd900000, 0x00000000c6a00000)
  object space 21504K, 94% used [0x00000000bc400000,0x00000000bd7c3e70,0x00000000bd900000)
}
Event: 38.199 GC heap before
{Heap before GC invocations=8 (full 0):
 PSYoungGen      total 74240K, used 68080K [0x00000000ece00000, 0x00000000f5e00000, 0x0000000100000000)
  eden space 63488K, 100% used [0x00000000ece00000,0x00000000f0c00000,0x00000000f0c00000)
  from space 10752K, 42% used [0x00000000f0c00000,0x00000000f107c140,0x00000000f1680000)
  to   space 10240K, 0% used [0x00000000f5400000,0x00000000f5400000,0x00000000f5e00000)
 ParOldGen       total 38912K, used 23978K [0x00000000c6a00000, 0x00000000c9000000, 0x00000000ece00000)
  object space 38912K, 61% used [0x00000000c6a00000,0x00000000c816aa90,0x00000000c9000000)
 PSPermGen       total 21504K, used 20287K [0x00000000bc400000, 0x00000000bd900000, 0x00000000c6a00000)
  object space 21504K, 94% used [0x00000000bc400000,0x00000000bd7cfff0,0x00000000bd900000)
Event: 38.207 GC heap after
Heap after GC invocations=8 (full 0):
 PSYoungGen      total 137216K, used 3968K [0x00000000ece00000, 0x00000000f5e00000, 0x0000000100000000)
  eden space 126976K, 0% used [0x00000000ece00000,0x00000000ece00000,0x00000000f4a00000)
  from space 10240K, 38% used [0x00000000f5400000,0x00000000f57e00f0,0x00000000f5e00000)
  to   space 10240K, 0% used [0x00000000f4a00000,0x00000000f4a00000,0x00000000f5400000)
 ParOldGen       total 38912K, used 24658K [0x00000000c6a00000, 0x00000000c9000000, 0x00000000ece00000)
  object space 38912K, 63% used [0x00000000c6a00000,0x00000000c8214af0,0x00000000c9000000)
 PSPermGen       total 21504K, used 20287K [0x00000000bc400000, 0x00000000bd900000, 0x00000000c6a00000)
  object space 21504K, 94% used [0x00000000bc400000,0x00000000bd7cfff0,0x00000000bd900000)
}
Event: 70.842 GC heap before
{Heap before GC invocations=9 (full 0):
 PSYoungGen      total 137216K, used 130944K [0x00000000ece00000, 0x00000000f5e00000, 0x0000000100000000)
  eden space 126976K, 100% used [0x00000000ece00000,0x00000000f4a00000,0x00000000f4a00000)
  from space 10240K, 38% used [0x00000000f5400000,0x00000000f57e00f0,0x00000000f5e00000)
  to   space 10240K, 0% used [0x00000000f4a00000,0x00000000f4a00000,0x00000000f5400000)
 ParOldGen       total 38912K, used 24658K [0x00000000c6a00000, 0x00000000c9000000, 0x00000000ece00000)
  object space 38912K, 63% used [0x00000000c6a00000,0x00000000c8214af0,0x00000000c9000000)
 PSPermGen       total 21504K, used 20333K [0x00000000bc400000, 0x00000000bd900000, 0x00000000c6a00000)
  object space 21504K, 94% used [0x00000000bc400000,0x00000000bd7db6c8,0x00000000bd900000)
Event: 70.852 GC heap after
Heap after GC invocations=9 (full 0):
 PSYoungGen      total 121856K, used 64K [0x00000000ece00000, 0x00000000f5980000, 0x0000000100000000)
  eden space 121344K, 0% used [0x00000000ece00000,0x00000000ece00000,0x00000000f4480000)
  from space 512K, 12% used [0x00000000f4a00000,0x00000000f4a10000,0x00000000f4a80000)
  to   space 10752K, 0% used [0x00000000f4f00000,0x00000000f4f00000,0x00000000f5980000)
 ParOldGen       total 38912K, used 28570K [0x00000000c6a00000, 0x00000000c9000000, 0x00000000ece00000)
  object space 38912K, 73% used [0x00000000c6a00000,0x00000000c85e6be0,0x00000000c9000000)
 PSPermGen       total 21504K, used 20333K [0x00000000bc400000, 0x00000000bd900000, 0x00000000c6a00000)
  object space 21504K, 94% used [0x00000000bc400000,0x00000000bd7db6c8,0x00000000bd900000)
}

