# JRE version: OpenJDK Runtime Environment (7.0_79-b14) (build 1.7.0_79-b14)
# Java VM: OpenJDK 64-Bit Server VM (24.79-b02 mixed mode linux-amd64 compressed oops)
Heap
 PSYoungGen      total 19968K, used 9853K [0x00000000ece00000, 0x00000000ee500000, 0x0000000100000000)
  eden space 16384K, 47% used [0x00000000ece00000,0x00000000ed587748,0x00000000ede00000)
  from space 3584K, 59% used [0x00000000ee180000,0x00000000ee398080,0x00000000ee500000)
  to   space 3584K, 0% used [0x00000000ede00000,0x00000000ede00000,0x00000000ee180000)
 ParOldGen       total 38912K, used 36646K [0x00000000c6a00000, 0x00000000c9000000, 0x00000000ece00000)
  object space 38912K, 94% used [0x00000000c6a00000,0x00000000c8dc9960,0x00000000c9000000)
 PSPermGen       total 21504K, used 19661K [0x00000000bc400000, 0x00000000bd900000, 0x00000000c6a00000)
  object space 21504K, 91% used [0x00000000bc400000,0x00000000bd733508,0x00000000bd900000)
GC Heap History (10 events):
Event: 40.017 GC heap before
{Heap before GC invocations=36 (full 0):
 PSYoungGen      total 19968K, used 18528K [0x00000000ece00000, 0x00000000ee500000, 0x0000000100000000)
  eden space 16384K, 100% used [0x00000000ece00000,0x00000000ede00000,0x00000000ede00000)
  from space 3584K, 59% used [0x00000000ede00000,0x00000000ee018080,0x00000000ee180000)
  to   space 3584K, 0% used [0x00000000ee180000,0x00000000ee180000,0x00000000ee500000)
 ParOldGen       total 38912K, used 31182K [0x00000000c6a00000, 0x00000000c9000000, 0x00000000ece00000)
  object space 38912K, 80% used [0x00000000c6a00000,0x00000000c8873800,0x00000000c9000000)
 PSPermGen       total 21504K, used 19642K [0x00000000bc400000, 0x00000000bd900000, 0x00000000c6a00000)
  object space 21504K, 91% used [0x00000000bc400000,0x00000000bd72e8b8,0x00000000bd900000)
Event: 40.020 GC heap after
Heap after GC invocations=36 (full 0):
 PSYoungGen      total 19968K, used 2176K [0x00000000ece00000, 0x00000000ee500000, 0x0000000100000000)
  eden space 16384K, 0% used [0x00000000ece00000,0x00000000ece00000,0x00000000ede00000)
  from space 3584K, 60% used [0x00000000ee180000,0x00000000ee3a0080,0x00000000ee500000)
  to   space 3584K, 0% used [0x00000000ede00000,0x00000000ede00000,0x00000000ee180000)
 ParOldGen       total 38912K, used 32222K [0x00000000c6a00000, 0x00000000c9000000, 0x00000000ece00000)
  object space 38912K, 82% used [0x00000000c6a00000,0x00000000c8977840,0x00000000c9000000)
 PSPermGen       total 21504K, used 19642K [0x00000000bc400000, 0x00000000bd900000, 0x00000000c6a00000)
  object space 21504K, 91% used [0x00000000bc400000,0x00000000bd72e8b8,0x00000000bd900000)
}
Event: 41.021 GC heap before
{Heap before GC invocations=37 (full 0):
 PSYoungGen      total 19968K, used 18559K [0x00000000ece00000, 0x00000000ee500000, 0x0000000100000000)
  eden space 16384K, 99% used [0x00000000ece00000,0x00000000eddffe08,0x00000000ede00000)
  from space 3584K, 60% used [0x00000000ee180000,0x00000000ee3a0080,0x00000000ee500000)
  to   space 3584K, 0% used [0x00000000ede00000,0x00000000ede00000,0x00000000ee180000)
 ParOldGen       total 38912K, used 32222K [0x00000000c6a00000, 0x00000000c9000000, 0x00000000ece00000)
  object space 38912K, 82% used [0x00000000c6a00000,0x00000000c8977840,0x00000000c9000000)
 PSPermGen       total 21504K, used 19642K [0x00000000bc400000, 0x00000000bd900000, 0x00000000c6a00000)
  object space 21504K, 91% used [0x00000000bc400000,0x00000000bd72ebd0,0x00000000bd900000)
Event: 41.024 GC heap after
Heap after GC invocations=37 (full 0):
 PSYoungGen      total 19968K, used 2400K [0x00000000ece00000, 0x00000000ee500000, 0x0000000100000000)
  eden space 16384K, 0% used [0x00000000ece00000,0x00000000ece00000,0x00000000ede00000)
  from space 3584K, 66% used [0x00000000ede00000,0x00000000ee058090,0x00000000ee180000)
  to   space 3584K, 0% used [0x00000000ee180000,0x00000000ee180000,0x00000000ee500000)
 ParOldGen       total 38912K, used 33262K [0x00000000c6a00000, 0x00000000c9000000, 0x00000000ece00000)
  object space 38912K, 85% used [0x00000000c6a00000,0x00000000c8a7b880,0x00000000c9000000)
 PSPermGen       total 21504K, used 19642K [0x00000000bc400000, 0x00000000bd900000, 0x00000000c6a00000)
  object space 21504K, 91% used [0x00000000bc400000,0x00000000bd72ebd0,0x00000000bd900000)
}
Event: 42.094 GC heap before
{Heap before GC invocations=38 (full 0):
 PSYoungGen      total 19968K, used 18614K [0x00000000ece00000, 0x00000000ee500000, 0x0000000100000000)
  eden space 16384K, 98% used [0x00000000ece00000,0x00000000eddd5990,0x00000000ede00000)
  from space 3584K, 66% used [0x00000000ede00000,0x00000000ee058090,0x00000000ee180000)
  to   space 3584K, 0% used [0x00000000ee180000,0x00000000ee180000,0x00000000ee500000)
 ParOldGen       total 38912K, used 33262K [0x00000000c6a00000, 0x00000000c9000000, 0x00000000ece00000)
  object space 38912K, 85% used [0x00000000c6a00000,0x00000000c8a7b880,0x00000000c9000000)
 PSPermGen       total 21504K, used 19646K [0x00000000bc400000, 0x00000000bd900000, 0x00000000c6a00000)
  object space 21504K, 91% used [0x00000000bc400000,0x00000000bd72f8c8,0x00000000bd900000)
Event: 42.097 GC heap after
Heap after GC invocations=38 (full 0):
 PSYoungGen      total 19968K, used 2144K [0x00000000ece00000, 0x00000000ee500000, 0x0000000100000000)
  eden space 16384K, 0% used [0x00000000ece00000,0x00000000ece00000,0x00000000ede00000)
  from space 3584K, 59% used [0x00000000ee180000,0x00000000ee398080,0x00000000ee500000)
  to   space 3584K, 0% used [0x00000000ede00000,0x00000000ede00000,0x00000000ee180000)
 ParOldGen       total 38912K, used 34302K [0x00000000c6a00000, 0x00000000c9000000, 0x00000000ece00000)
  object space 38912K, 88% used [0x00000000c6a00000,0x00000000c8b7f8c0,0x00000000c9000000)
 PSPermGen       total 21504K, used 19646K [0x00000000bc400000, 0x00000000bd900000, 0x00000000c6a00000)
  object space 21504K, 91% used [0x00000000bc400000,0x00000000bd72f8c8,0x00000000bd900000)
}
Event: 43.523 GC heap before
{Heap before GC invocations=39 (full 0):
 PSYoungGen      total 19968K, used 18528K [0x00000000ece00000, 0x00000000ee500000, 0x0000000100000000)
  eden space 16384K, 100% used [0x00000000ece00000,0x00000000ede00000,0x00000000ede00000)
  from space 3584K, 59% used [0x00000000ee180000,0x00000000ee398080,0x00000000ee500000)
  to   space 3584K, 0% used [0x00000000ede00000,0x00000000ede00000,0x00000000ee180000)
 ParOldGen       total 38912K, used 34302K [0x00000000c6a00000, 0x00000000c9000000, 0x00000000ece00000)
  object space 38912K, 88% used [0x00000000c6a00000,0x00000000c8b7f8c0,0x00000000c9000000)
 PSPermGen       total 21504K, used 19653K [0x00000000bc400000, 0x00000000bd900000, 0x00000000c6a00000)
  object space 21504K, 91% used [0x00000000bc400000,0x00000000bd731618,0x00000000bd900000)
Event: 43.527 GC heap after
Heap after GC invocations=39 (full 0):
 PSYoungGen      total 19968K, used 1632K [0x00000000ece00000, 0x00000000ee500000, 0x0000000100000000)
  eden space 16384K, 0% used [0x00000000ece00000,0x00000000ece00000,0x00000000ede00000)
  from space 3584K, 45% used [0x00000000ede00000,0x00000000edf98060,0x00000000ee180000)
  to   space 3584K, 0% used [0x00000000ee180000,0x00000000ee180000,0x00000000ee500000)
 ParOldGen       total 38912K, used 35862K [0x00000000c6a00000, 0x00000000c9000000, 0x00000000ece00000)
  object space 38912K, 92% used [0x00000000c6a00000,0x00000000c8d05930,0x00000000c9000000)
 PSPermGen       total 21504K, used 19653K [0x00000000bc400000, 0x00000000bd900000, 0x00000000c6a00000)
  object space 21504K, 91% used [0x00000000bc400000,0x00000000bd731618,0x00000000bd900000)
}
Event: 44.961 GC heap before
{Heap before GC invocations=40 (full 0):
 PSYoungGen      total 19968K, used 17875K [0x00000000ece00000, 0x00000000ee500000, 0x0000000100000000)
  eden space 16384K, 99% used [0x00000000ece00000,0x00000000edddce50,0x00000000ede00000)
  from space 3584K, 45% used [0x00000000ede00000,0x00000000edf98060,0x00000000ee180000)
  to   space 3584K, 0% used [0x00000000ee180000,0x00000000ee180000,0x00000000ee500000)
 ParOldGen       total 38912K, used 35862K [0x00000000c6a00000, 0x00000000c9000000, 0x00000000ece00000)
  object space 38912K, 92% used [0x00000000c6a00000,0x00000000c8d05930,0x00000000c9000000)
 PSPermGen       total 21504K, used 19654K [0x00000000bc400000, 0x00000000bd900000, 0x00000000c6a00000)
  object space 21504K, 91% used [0x00000000bc400000,0x00000000bd731a18,0x00000000bd900000)
Event: 44.964 GC heap after
Heap after GC invocations=40 (full 0):
 PSYoungGen      total 19968K, used 2144K [0x00000000ece00000, 0x00000000ee500000, 0x0000000100000000)
  eden space 16384K, 0% used [0x00000000ece00000,0x00000000ece00000,0x00000000ede00000)
  from space 3584K, 59% used [0x00000000ee180000,0x00000000ee398080,0x00000000ee500000)
  to   space 3584K, 0% used [0x00000000ede00000,0x00000000ede00000,0x00000000ee180000)
 ParOldGen       total 38912K, used 36646K [0x00000000c6a00000, 0x00000000c9000000, 0x00000000ece00000)
  object space 38912K, 94% used [0x00000000c6a00000,0x00000000c8dc9960,0x00000000c9000000)
 PSPermGen       total 21504K, used 19654K [0x00000000bc400000, 0x00000000bd900000, 0x00000000c6a00000)
  object space 21504K, 91% used [0x00000000bc400000,0x00000000bd731a18,0x00000000bd900000)
}

