# JRE version: OpenJDK Runtime Environment (7.0_79-b14) (build 1.7.0_79-b14)
# Java VM: OpenJDK 64-Bit Server VM (24.79-b02 mixed mode linux-amd64 compressed oops)
Heap
 PSYoungGen      total 138752K, used 28421K [0x00000000ece00000, 0x00000000fae00000, 0x0000000100000000)
  eden space 125440K, 14% used [0x00000000ece00000,0x00000000edf79500,0x00000000f4880000)
  from space 13312K, 79% used [0x00000000f4880000,0x00000000f52c82a0,0x00000000f5580000)
  to   space 14336K, 0% used [0x00000000fa000000,0x00000000fa000000,0x00000000fae00000)
 ParOldGen       total 38912K, used 20704K [0x00000000c6a00000, 0x00000000c9000000, 0x00000000ece00000)
  object space 38912K, 53% used [0x00000000c6a00000,0x00000000c7e38080,0x00000000c9000000)
 PSPermGen       total 21504K, used 19761K [0x00000000bc400000, 0x00000000bd900000, 0x00000000c6a00000)
  object space 21504K, 91% used [0x00000000bc400000,0x00000000bd74c6e8,0x00000000bd900000)
GC Heap History (10 events):
Event: 4.913 GC heap before
{Heap before GC invocations=5 (full 0):
 PSYoungGen      total 33792K, used 33555K [0x00000000ece00000, 0x00000000ef100000, 0x0000000100000000)
  eden space 31744K, 99% used [0x00000000ece00000,0x00000000eecc8b70,0x00000000eed00000)
  from space 2048K, 99% used [0x00000000eef00000,0x00000000ef0fc090,0x00000000ef100000)
  to   space 2048K, 0% used [0x00000000eed00000,0x00000000eed00000,0x00000000eef00000)
 ParOldGen       total 38912K, used 11809K [0x00000000c6a00000, 0x00000000c9000000, 0x00000000ece00000)
  object space 38912K, 30% used [0x00000000c6a00000,0x00000000c7588738,0x00000000c9000000)
 PSPermGen       total 21504K, used 19448K [0x00000000bc400000, 0x00000000bd900000, 0x00000000c6a00000)
  object space 21504K, 90% used [0x00000000bc400000,0x00000000bd6fe090,0x00000000bd900000)
Event: 4.929 GC heap after
Heap after GC invocations=5 (full 0):
 PSYoungGen      total 33792K, used 2018K [0x00000000ece00000, 0x00000000f2000000, 0x0000000100000000)
  eden space 31744K, 0% used [0x00000000ece00000,0x00000000ece00000,0x00000000eed00000)
  from space 2048K, 98% used [0x00000000eed00000,0x00000000eeef88e0,0x00000000eef00000)
  to   space 10240K, 0% used [0x00000000f1600000,0x00000000f1600000,0x00000000f2000000)
 ParOldGen       total 38912K, used 16122K [0x00000000c6a00000, 0x00000000c9000000, 0x00000000ece00000)
  object space 38912K, 41% used [0x00000000c6a00000,0x00000000c79be908,0x00000000c9000000)
 PSPermGen       total 21504K, used 19448K [0x00000000bc400000, 0x00000000bd900000, 0x00000000c6a00000)
  object space 21504K, 90% used [0x00000000bc400000,0x00000000bd6fe090,0x00000000bd900000)
}
Event: 5.451 GC heap before
{Heap before GC invocations=6 (full 0):
 PSYoungGen      total 33792K, used 33602K [0x00000000ece00000, 0x00000000f2000000, 0x0000000100000000)
  eden space 31744K, 99% used [0x00000000ece00000,0x00000000eecd82c8,0x00000000eed00000)
  from space 2048K, 98% used [0x00000000eed00000,0x00000000eeef88e0,0x00000000eef00000)
  to   space 10240K, 0% used [0x00000000f1600000,0x00000000f1600000,0x00000000f2000000)
 ParOldGen       total 38912K, used 16122K [0x00000000c6a00000, 0x00000000c9000000, 0x00000000ece00000)
  object space 38912K, 41% used [0x00000000c6a00000,0x00000000c79be908,0x00000000c9000000)
 PSPermGen       total 21504K, used 19462K [0x00000000bc400000, 0x00000000bd900000, 0x00000000c6a00000)
  object space 21504K, 90% used [0x00000000bc400000,0x00000000bd701840,0x00000000bd900000)
Event: 5.466 GC heap after
Heap after GC invocations=6 (full 0):
 PSYoungGen      total 73728K, used 6802K [0x00000000ece00000, 0x00000000f2000000, 0x0000000100000000)
  eden space 63488K, 0% used [0x00000000ece00000,0x00000000ece00000,0x00000000f0c00000)
  from space 10240K, 66% used [0x00000000f1600000,0x00000000f1ca49f0,0x00000000f2000000)
  to   space 10240K, 0% used [0x00000000f0c00000,0x00000000f0c00000,0x00000000f1600000)
 ParOldGen       total 38912K, used 16122K [0x00000000c6a00000, 0x00000000c9000000, 0x00000000ece00000)
  object space 38912K, 41% used [0x00000000c6a00000,0x00000000c79be908,0x00000000c9000000)
 PSPermGen       total 21504K, used 19462K [0x00000000bc400000, 0x00000000bd900000, 0x00000000c6a00000)
  object space 21504K, 90% used [0x00000000bc400000,0x00000000bd701840,0x00000000bd900000)
}
Event: 6.521 GC heap before
{Heap before GC invocations=7 (full 0):
 PSYoungGen      total 73728K, used 70271K [0x00000000ece00000, 0x00000000f2000000, 0x0000000100000000)
  eden space 63488K, 99% used [0x00000000ece00000,0x00000000f0bfb370,0x00000000f0c00000)
  from space 10240K, 66% used [0x00000000f1600000,0x00000000f1ca49f0,0x00000000f2000000)
  to   space 10240K, 0% used [0x00000000f0c00000,0x00000000f0c00000,0x00000000f1600000)
 ParOldGen       total 38912K, used 16122K [0x00000000c6a00000, 0x00000000c9000000, 0x00000000ece00000)
  object space 38912K, 41% used [0x00000000c6a00000,0x00000000c79be908,0x00000000c9000000)
 PSPermGen       total 21504K, used 19501K [0x00000000bc400000, 0x00000000bd900000, 0x00000000c6a00000)
  object space 21504K, 90% used [0x00000000bc400000,0x00000000bd70b7a0,0x00000000bd900000)
Event: 6.536 GC heap after
Heap after GC invocations=7 (full 0):
 PSYoungGen      total 73728K, used 10176K [0x00000000ece00000, 0x00000000f6100000, 0x0000000100000000)
  eden space 63488K, 0% used [0x00000000ece00000,0x00000000ece00000,0x00000000f0c00000)
  from space 10240K, 99% used [0x00000000f0c00000,0x00000000f15f02c0,0x00000000f1600000)
  to   space 11776K, 0% used [0x00000000f5580000,0x00000000f5580000,0x00000000f6100000)
 ParOldGen       total 38912K, used 17055K [0x00000000c6a00000, 0x00000000c9000000, 0x00000000ece00000)
  object space 38912K, 43% used [0x00000000c6a00000,0x00000000c7aa7f50,0x00000000c9000000)
 PSPermGen       total 21504K, used 19501K [0x00000000bc400000, 0x00000000bd900000, 0x00000000c6a00000)
  object space 21504K, 90% used [0x00000000bc400000,0x00000000bd70b7a0,0x00000000bd900000)
}
Event: 10.633 GC heap before
{Heap before GC invocations=8 (full 0):
 PSYoungGen      total 73728K, used 73664K [0x00000000ece00000, 0x00000000f6100000, 0x0000000100000000)
  eden space 63488K, 100% used [0x00000000ece00000,0x00000000f0c00000,0x00000000f0c00000)
  from space 10240K, 99% used [0x00000000f0c00000,0x00000000f15f02c0,0x00000000f1600000)
  to   space 11776K, 0% used [0x00000000f5580000,0x00000000f5580000,0x00000000f6100000)
 ParOldGen       total 38912K, used 17055K [0x00000000c6a00000, 0x00000000c9000000, 0x00000000ece00000)
  object space 38912K, 43% used [0x00000000c6a00000,0x00000000c7aa7f50,0x00000000c9000000)
 PSPermGen       total 21504K, used 19602K [0x00000000bc400000, 0x00000000bd900000, 0x00000000c6a00000)
  object space 21504K, 91% used [0x00000000bc400000,0x00000000bd7249b0,0x00000000bd900000)
Event: 10.644 GC heap after
Heap after GC invocations=8 (full 0):
 PSYoungGen      total 137216K, used 10912K [0x00000000ece00000, 0x00000000f6400000, 0x0000000100000000)
  eden space 125440K, 0% used [0x00000000ece00000,0x00000000ece00000,0x00000000f4880000)
  from space 11776K, 92% used [0x00000000f5580000,0x00000000f60282a0,0x00000000f6100000)
  to   space 13312K, 0% used [0x00000000f4880000,0x00000000f4880000,0x00000000f5580000)
 ParOldGen       total 38912K, used 17855K [0x00000000c6a00000, 0x00000000c9000000, 0x00000000ece00000)
  object space 38912K, 45% used [0x00000000c6a00000,0x00000000c7b6ffd0,0x00000000c9000000)
 PSPermGen       total 21504K, used 19602K [0x00000000bc400000, 0x00000000bd900000, 0x00000000c6a00000)
  object space 21504K, 91% used [0x00000000bc400000,0x00000000bd7249b0,0x00000000bd900000)
}
Event: 24.110 GC heap before
{Heap before GC invocations=9 (full 0):
 PSYoungGen      total 137216K, used 136352K [0x00000000ece00000, 0x00000000f6400000, 0x0000000100000000)
  eden space 125440K, 100% used [0x00000000ece00000,0x00000000f4880000,0x00000000f4880000)
  from space 11776K, 92% used [0x00000000f5580000,0x00000000f60282a0,0x00000000f6100000)
  to   space 13312K, 0% used [0x00000000f4880000,0x00000000f4880000,0x00000000f5580000)
 ParOldGen       total 38912K, used 17855K [0x00000000c6a00000, 0x00000000c9000000, 0x00000000ece00000)
  object space 38912K, 45% used [0x00000000c6a00000,0x00000000c7b6ffd0,0x00000000c9000000)
 PSPermGen       total 21504K, used 19675K [0x00000000bc400000, 0x00000000bd900000, 0x00000000c6a00000)
  object space 21504K, 91% used [0x00000000bc400000,0x00000000bd736f60,0x00000000bd900000)
Event: 24.121 GC heap after
Heap after GC invocations=9 (full 0):
 PSYoungGen      total 138752K, used 10528K [0x00000000ece00000, 0x00000000fae00000, 0x0000000100000000)
  eden space 125440K, 0% used [0x00000000ece00000,0x00000000ece00000,0x00000000f4880000)
  from space 13312K, 79% used [0x00000000f4880000,0x00000000f52c82a0,0x00000000f5580000)
  to   space 14336K, 0% used [0x00000000fa000000,0x00000000fa000000,0x00000000fae00000)
 ParOldGen       total 38912K, used 20704K [0x00000000c6a00000, 0x00000000c9000000, 0x00000000ece00000)
  object space 38912K, 53% used [0x00000000c6a00000,0x00000000c7e38080,0x00000000c9000000)
 PSPermGen       total 21504K, used 19675K [0x00000000bc400000, 0x00000000bd900000, 0x00000000c6a00000)
  object space 21504K, 91% used [0x00000000bc400000,0x00000000bd736f60,0x00000000bd900000)
}

