# JRE version: OpenJDK Runtime Environment (7.0_79-b14) (build 1.7.0_79-b14)
# Java VM: OpenJDK 64-Bit Server VM (24.79-b02 mixed mode linux-amd64 compressed oops)
Heap
 PSYoungGen      total 166912K, used 35123K [0x00000000ece00000, 0x00000000f9880000, 0x0000000100000000)
  eden space 152576K, 13% used [0x00000000ece00000,0x00000000ee26c898,0x00000000f6300000)
  from space 14336K, 99% used [0x00000000f8300000,0x00000000f90e0370,0x00000000f9100000)
  to   space 7680K, 0% used [0x00000000f9100000,0x00000000f9100000,0x00000000f9880000)
 ParOldGen       total 70656K, used 53703K [0x00000000c6a00000, 0x00000000caf00000, 0x00000000ece00000)
  object space 70656K, 76% used [0x00000000c6a00000,0x00000000c9e71d28,0x00000000caf00000)
 PSPermGen       total 39424K, used 21841K [0x00000000bc400000, 0x00000000bea80000, 0x00000000c6a00000)
  object space 39424K, 55% used [0x00000000bc400000,0x00000000bd954550,0x00000000bea80000)
GC Heap History (10 events):
Event: 27.528 GC heap before
{Heap before GC invocations=10 (full 0):
 PSYoungGen      total 136192K, used 136176K [0x00000000ece00000, 0x00000000fab80000, 0x0000000100000000)
  eden space 124928K, 100% used [0x00000000ece00000,0x00000000f4800000,0x00000000f4800000)
  from space 11264K, 99% used [0x00000000f4800000,0x00000000f52fc2c0,0x00000000f5300000)
  to   space 13312K, 0% used [0x00000000f9e80000,0x00000000f9e80000,0x00000000fab80000)
 ParOldGen       total 38912K, used 20632K [0x00000000c6a00000, 0x00000000c9000000, 0x00000000ece00000)
  object space 38912K, 53% used [0x00000000c6a00000,0x00000000c7e26080,0x00000000c9000000)
 PSPermGen       total 21504K, used 19596K [0x00000000bc400000, 0x00000000bd900000, 0x00000000c6a00000)
  object space 21504K, 91% used [0x00000000bc400000,0x00000000bd7230e8,0x00000000bd900000)
Event: 27.558 GC heap after
Heap after GC invocations=10 (full 0):
 PSYoungGen      total 133120K, used 13280K [0x00000000ece00000, 0x00000000fab80000, 0x0000000100000000)
  eden space 119808K, 0% used [0x00000000ece00000,0x00000000ece00000,0x00000000f4300000)
  from space 13312K, 99% used [0x00000000f9e80000,0x00000000fab78330,0x00000000fab80000)
  to   space 14848K, 0% used [0x00000000f8e80000,0x00000000f8e80000,0x00000000f9d00000)
 ParOldGen       total 38912K, used 25032K [0x00000000c6a00000, 0x00000000c9000000, 0x00000000ece00000)
  object space 38912K, 64% used [0x00000000c6a00000,0x00000000c8272190,0x00000000c9000000)
 PSPermGen       total 21504K, used 19596K [0x00000000bc400000, 0x00000000bd900000, 0x00000000c6a00000)
  object space 21504K, 91% used [0x00000000bc400000,0x00000000bd7230e8,0x00000000bd900000)
}
Event: 33.913 GC heap before
{Heap before GC invocations=11 (full 0):
 PSYoungGen      total 133120K, used 132874K [0x00000000ece00000, 0x00000000fab80000, 0x0000000100000000)
  eden space 119808K, 99% used [0x00000000ece00000,0x00000000f42ca768,0x00000000f4300000)
  from space 13312K, 99% used [0x00000000f9e80000,0x00000000fab78330,0x00000000fab80000)
  to   space 14848K, 0% used [0x00000000f8e80000,0x00000000f8e80000,0x00000000f9d00000)
 ParOldGen       total 38912K, used 25032K [0x00000000c6a00000, 0x00000000c9000000, 0x00000000ece00000)
  object space 38912K, 64% used [0x00000000c6a00000,0x00000000c8272190,0x00000000c9000000)
 PSPermGen       total 21504K, used 19623K [0x00000000bc400000, 0x00000000bd900000, 0x00000000c6a00000)
  object space 21504K, 91% used [0x00000000bc400000,0x00000000bd729ff0,0x00000000bd900000)
Event: 34.137 GC heap after
Heap after GC invocations=11 (full 0):
 PSYoungGen      total 124416K, used 9664K [0x00000000ece00000, 0x00000000f9f00000, 0x0000000100000000)
  eden space 114688K, 0% used [0x00000000ece00000,0x00000000ece00000,0x00000000f3e00000)
  from space 9728K, 99% used [0x00000000f8e80000,0x00000000f97f0250,0x00000000f9800000)
  to   space 7168K, 0% used [0x00000000f9800000,0x00000000f9800000,0x00000000f9f00000)
 ParOldGen       total 38912K, used 37129K [0x00000000c6a00000, 0x00000000c9000000, 0x00000000ece00000)
  object space 38912K, 95% used [0x00000000c6a00000,0x00000000c8e42480,0x00000000c9000000)
 PSPermGen       total 21504K, used 19623K [0x00000000bc400000, 0x00000000bd900000, 0x00000000c6a00000)
  object space 21504K, 91% used [0x00000000bc400000,0x00000000bd729ff0,0x00000000bd900000)
}
Event: 34.137 GC heap before
{Heap before GC invocations=12 (full 1):
 PSYoungGen      total 124416K, used 9664K [0x00000000ece00000, 0x00000000f9f00000, 0x0000000100000000)
  eden space 114688K, 0% used [0x00000000ece00000,0x00000000ece00000,0x00000000f3e00000)
  from space 9728K, 99% used [0x00000000f8e80000,0x00000000f97f0250,0x00000000f9800000)
  to   space 7168K, 0% used [0x00000000f9800000,0x00000000f9800000,0x00000000f9f00000)
 ParOldGen       total 38912K, used 37129K [0x00000000c6a00000, 0x00000000c9000000, 0x00000000ece00000)
  object space 38912K, 95% used [0x00000000c6a00000,0x00000000c8e42480,0x00000000c9000000)
 PSPermGen       total 21504K, used 19623K [0x00000000bc400000, 0x00000000bd900000, 0x00000000c6a00000)
  object space 21504K, 91% used [0x00000000bc400000,0x00000000bd729ff0,0x00000000bd900000)
Event: 34.271 GC heap after
Heap after GC invocations=12 (full 1):
 PSYoungGen      total 124416K, used 4866K [0x00000000ece00000, 0x00000000f9f00000, 0x0000000100000000)
  eden space 114688K, 0% used [0x00000000ece00000,0x00000000ece00000,0x00000000f3e00000)
  from space 9728K, 50% used [0x00000000f8e80000,0x00000000f93408b0,0x00000000f9800000)
  to   space 7168K, 0% used [0x00000000f9800000,0x00000000f9800000,0x00000000f9f00000)
 ParOldGen       total 70656K, used 38502K [0x00000000c6a00000, 0x00000000caf00000, 0x00000000ece00000)
  object space 70656K, 54% used [0x00000000c6a00000,0x00000000c8f99958,0x00000000caf00000)
 PSPermGen       total 39424K, used 19619K [0x00000000bc400000, 0x00000000bea80000, 0x00000000c6a00000)
  object space 39424K, 49% used [0x00000000bc400000,0x00000000bd728de0,0x00000000bea80000)
}
Event: 41.415 GC heap before
{Heap before GC invocations=13 (full 1):
 PSYoungGen      total 124416K, used 119554K [0x00000000ece00000, 0x00000000f9f00000, 0x0000000100000000)
  eden space 114688K, 100% used [0x00000000ece00000,0x00000000f3e00000,0x00000000f3e00000)
  from space 9728K, 50% used [0x00000000f8e80000,0x00000000f93408b0,0x00000000f9800000)
  to   space 7168K, 0% used [0x00000000f9800000,0x00000000f9800000,0x00000000f9f00000)
 ParOldGen       total 70656K, used 38502K [0x00000000c6a00000, 0x00000000caf00000, 0x00000000ece00000)
  object space 70656K, 54% used [0x00000000c6a00000,0x00000000c8f99958,0x00000000caf00000)
 PSPermGen       total 39424K, used 19658K [0x00000000bc400000, 0x00000000bea80000, 0x00000000c6a00000)
  object space 39424K, 49% used [0x00000000bc400000,0x00000000bd732870,0x00000000bea80000)
Event: 41.454 GC heap after
Heap after GC invocations=13 (full 1):
 PSYoungGen      total 166400K, used 7136K [0x00000000ece00000, 0x00000000f9f00000, 0x0000000100000000)
  eden space 159232K, 0% used [0x00000000ece00000,0x00000000ece00000,0x00000000f6980000)
  from space 7168K, 99% used [0x00000000f9800000,0x00000000f9ef81d0,0x00000000f9f00000)
  to   space 14336K, 0% used [0x00000000f8300000,0x00000000f8300000,0x00000000f9100000)
 ParOldGen       total 70656K, used 46950K [0x00000000c6a00000, 0x00000000caf00000, 0x00000000ece00000)
  object space 70656K, 66% used [0x00000000c6a00000,0x00000000c97d9b68,0x00000000caf00000)
 PSPermGen       total 39424K, used 19658K [0x00000000bc400000, 0x00000000bea80000, 0x00000000c6a00000)
  object space 39424K, 49% used [0x00000000bc400000,0x00000000bd732870,0x00000000bea80000)
}
Event: 51.953 GC heap before
{Heap before GC invocations=14 (full 1):
 PSYoungGen      total 166400K, used 166368K [0x00000000ece00000, 0x00000000f9f00000, 0x0000000100000000)
  eden space 159232K, 100% used [0x00000000ece00000,0x00000000f6980000,0x00000000f6980000)
  from space 7168K, 99% used [0x00000000f9800000,0x00000000f9ef81d0,0x00000000f9f00000)
  to   space 14336K, 0% used [0x00000000f8300000,0x00000000f8300000,0x00000000f9100000)
 ParOldGen       total 70656K, used 46950K [0x00000000c6a00000, 0x00000000caf00000, 0x00000000ece00000)
  object space 70656K, 66% used [0x00000000c6a00000,0x00000000c97d9b68,0x00000000caf00000)
 PSPermGen       total 39424K, used 19703K [0x00000000bc400000, 0x00000000bea80000, 0x00000000c6a00000)
  object space 39424K, 49% used [0x00000000bc400000,0x00000000bd73dc58,0x00000000bea80000)
Event: 51.978 GC heap after
Heap after GC invocations=14 (full 1):
 PSYoungGen      total 166912K, used 14208K [0x00000000ece00000, 0x00000000f9880000, 0x0000000100000000)
  eden space 152576K, 0% used [0x00000000ece00000,0x00000000ece00000,0x00000000f6300000)
  from space 14336K, 99% used [0x00000000f8300000,0x00000000f90e0370,0x00000000f9100000)
  to   space 7680K, 0% used [0x00000000f9100000,0x00000000f9100000,0x00000000f9880000)
 ParOldGen       total 70656K, used 53703K [0x00000000c6a00000, 0x00000000caf00000, 0x00000000ece00000)
  object space 70656K, 76% used [0x00000000c6a00000,0x00000000c9e71d28,0x00000000caf00000)
 PSPermGen       total 39424K, used 19703K [0x00000000bc400000, 0x00000000bea80000, 0x00000000c6a00000)
  object space 39424K, 49% used [0x00000000bc400000,0x00000000bd73dc58,0x00000000bea80000)
}

