# JRE version: OpenJDK Runtime Environment (7.0_79-b14) (build 1.7.0_79-b14)
# Java VM: OpenJDK 64-Bit Server VM (24.79-b02 mixed mode linux-amd64 compressed oops)
Heap
 PSYoungGen      total 117248K, used 3498K [0x00000000ece00000, 0x00000000f5600000, 0x0000000100000000)
  eden space 111616K, 3% used [0x00000000ece00000,0x00000000ed16a8c0,0x00000000f3b00000)
  from space 5632K, 0% used [0x00000000f4380000,0x00000000f4380000,0x00000000f4900000)
  to   space 13312K, 0% used [0x00000000f4900000,0x00000000f4900000,0x00000000f5600000)
 ParOldGen       total 55296K, used 31110K [0x00000000c6a00000, 0x00000000ca000000, 0x00000000ece00000)
  object space 55296K, 56% used [0x00000000c6a00000,0x00000000c8861ab0,0x00000000ca000000)
 PSPermGen       total 39936K, used 19813K [0x00000000bc400000, 0x00000000beb00000, 0x00000000c6a00000)
  object space 39936K, 49% used [0x00000000bc400000,0x00000000bd759520,0x00000000beb00000)
GC Heap History (10 events):
Event: 7.711 GC heap before
{Heap before GC invocations=6 (full 0):
 PSYoungGen      total 65536K, used 65506K [0x00000000ece00000, 0x00000000f6100000, 0x0000000100000000)
  eden space 63488K, 100% used [0x00000000ece00000,0x00000000f0c00000,0x00000000f0c00000)
  from space 2048K, 98% used [0x00000000f0c00000,0x00000000f0df8890,0x00000000f0e00000)
  to   space 11776K, 0% used [0x00000000f5580000,0x00000000f5580000,0x00000000f6100000)
 ParOldGen       total 38912K, used 19987K [0x00000000c6a00000, 0x00000000c9000000, 0x00000000ece00000)
  object space 38912K, 51% used [0x00000000c6a00000,0x00000000c7d84e08,0x00000000c9000000)
 PSPermGen       total 21504K, used 19576K [0x00000000bc400000, 0x00000000bd900000, 0x00000000c6a00000)
  object space 21504K, 91% used [0x00000000bc400000,0x00000000bd71e098,0x00000000bd900000)
Event: 7.721 GC heap after
Heap after GC invocations=6 (full 0):
 PSYoungGen      total 138752K, used 7026K [0x00000000ece00000, 0x00000000f6100000, 0x0000000100000000)
  eden space 126976K, 0% used [0x00000000ece00000,0x00000000ece00000,0x00000000f4a00000)
  from space 11776K, 59% used [0x00000000f5580000,0x00000000f5c5c9d0,0x00000000f6100000)
  to   space 11776K, 0% used [0x00000000f4a00000,0x00000000f4a00000,0x00000000f5580000)
 ParOldGen       total 38912K, used 19987K [0x00000000c6a00000, 0x00000000c9000000, 0x00000000ece00000)
  object space 38912K, 51% used [0x00000000c6a00000,0x00000000c7d84e08,0x00000000c9000000)
 PSPermGen       total 21504K, used 19576K [0x00000000bc400000, 0x00000000bd900000, 0x00000000c6a00000)
  object space 21504K, 91% used [0x00000000bc400000,0x00000000bd71e098,0x00000000bd900000)
}
Event: 15.439 GC heap before
{Heap before GC invocations=7 (full 0):
 PSYoungGen      total 138752K, used 133901K [0x00000000ece00000, 0x00000000f6100000, 0x0000000100000000)
  eden space 126976K, 99% used [0x00000000ece00000,0x00000000f49e6c50,0x00000000f4a00000)
  from space 11776K, 59% used [0x00000000f5580000,0x00000000f5c5c9d0,0x00000000f6100000)
  to   space 11776K, 0% used [0x00000000f4a00000,0x00000000f4a00000,0x00000000f5580000)
 ParOldGen       total 38912K, used 19987K [0x00000000c6a00000, 0x00000000c9000000, 0x00000000ece00000)
  object space 38912K, 51% used [0x00000000c6a00000,0x00000000c7d84e08,0x00000000c9000000)
 PSPermGen       total 21504K, used 19652K [0x00000000bc400000, 0x00000000bd900000, 0x00000000c6a00000)
  object space 21504K, 91% used [0x00000000bc400000,0x00000000bd731048,0x00000000bd900000)
Event: 15.454 GC heap after
Heap after GC invocations=7 (full 0):
 PSYoungGen      total 133120K, used 11664K [0x00000000ece00000, 0x00000000f5f80000, 0x0000000100000000)
  eden space 121344K, 0% used [0x00000000ece00000,0x00000000ece00000,0x00000000f4480000)
  from space 11776K, 99% used [0x00000000f4a00000,0x00000000f5564310,0x00000000f5580000)
  to   space 10240K, 0% used [0x00000000f5580000,0x00000000f5580000,0x00000000f5f80000)
 ParOldGen       total 38912K, used 23357K [0x00000000c6a00000, 0x00000000c9000000, 0x00000000ece00000)
  object space 38912K, 60% used [0x00000000c6a00000,0x00000000c80cf708,0x00000000c9000000)
 PSPermGen       total 21504K, used 19652K [0x00000000bc400000, 0x00000000bd900000, 0x00000000c6a00000)
  object space 21504K, 91% used [0x00000000bc400000,0x00000000bd731048,0x00000000bd900000)
}
Event: 26.680 GC heap before
{Heap before GC invocations=8 (full 0):
 PSYoungGen      total 133120K, used 133008K [0x00000000ece00000, 0x00000000f5f80000, 0x0000000100000000)
  eden space 121344K, 100% used [0x00000000ece00000,0x00000000f4480000,0x00000000f4480000)
  from space 11776K, 99% used [0x00000000f4a00000,0x00000000f5564310,0x00000000f5580000)
  to   space 10240K, 0% used [0x00000000f5580000,0x00000000f5580000,0x00000000f5f80000)
 ParOldGen       total 38912K, used 23357K [0x00000000c6a00000, 0x00000000c9000000, 0x00000000ece00000)
  object space 38912K, 60% used [0x00000000c6a00000,0x00000000c80cf708,0x00000000c9000000)
 PSPermGen       total 21504K, used 19773K [0x00000000bc400000, 0x00000000bd900000, 0x00000000c6a00000)
  object space 21504K, 91% used [0x00000000bc400000,0x00000000bd74f6d0,0x00000000bd900000)
Event: 26.692 GC heap after
Heap after GC invocations=8 (full 0):
 PSYoungGen      total 126464K, used 10048K [0x00000000ece00000, 0x00000000f5f80000, 0x0000000100000000)
  eden space 116224K, 0% used [0x00000000ece00000,0x00000000ece00000,0x00000000f3f80000)
  from space 10240K, 98% used [0x00000000f5580000,0x00000000f5f50260,0x00000000f5f80000)
  to   space 14336K, 0% used [0x00000000f4380000,0x00000000f4380000,0x00000000f5180000)
 ParOldGen       total 38912K, used 27390K [0x00000000c6a00000, 0x00000000c9000000, 0x00000000ece00000)
  object space 38912K, 70% used [0x00000000c6a00000,0x00000000c84bf818,0x00000000c9000000)
 PSPermGen       total 21504K, used 19773K [0x00000000bc400000, 0x00000000bd900000, 0x00000000c6a00000)
  object space 21504K, 91% used [0x00000000bc400000,0x00000000bd74f6d0,0x00000000bd900000)
}
Event: 40.104 GC heap before
{Heap before GC invocations=9 (full 0):
 PSYoungGen      total 126464K, used 126272K [0x00000000ece00000, 0x00000000f5f80000, 0x0000000100000000)
  eden space 116224K, 100% used [0x00000000ece00000,0x00000000f3f80000,0x00000000f3f80000)
  from space 10240K, 98% used [0x00000000f5580000,0x00000000f5f50260,0x00000000f5f80000)
  to   space 14336K, 0% used [0x00000000f4380000,0x00000000f4380000,0x00000000f5180000)
 ParOldGen       total 38912K, used 27390K [0x00000000c6a00000, 0x00000000c9000000, 0x00000000ece00000)
  object space 38912K, 70% used [0x00000000c6a00000,0x00000000c84bf818,0x00000000c9000000)
 PSPermGen       total 21504K, used 19813K [0x00000000bc400000, 0x00000000bd900000, 0x00000000c6a00000)
  object space 21504K, 92% used [0x00000000bc400000,0x00000000bd7594e8,0x00000000bd900000)
Event: 40.113 GC heap after
Heap after GC invocations=9 (full 0):
 PSYoungGen      total 117248K, used 5600K [0x00000000ece00000, 0x00000000f5600000, 0x0000000100000000)
  eden space 111616K, 0% used [0x00000000ece00000,0x00000000ece00000,0x00000000f3b00000)
  from space 5632K, 99% used [0x00000000f4380000,0x00000000f48f8150,0x00000000f4900000)
  to   space 13312K, 0% used [0x00000000f4900000,0x00000000f4900000,0x00000000f5600000)
 ParOldGen       total 38912K, used 31806K [0x00000000c6a00000, 0x00000000c9000000, 0x00000000ece00000)
  object space 38912K, 81% used [0x00000000c6a00000,0x00000000c890f928,0x00000000c9000000)
 PSPermGen       total 21504K, used 19813K [0x00000000bc400000, 0x00000000bd900000, 0x00000000c6a00000)
  object space 21504K, 92% used [0x00000000bc400000,0x00000000bd7594e8,0x00000000bd900000)
}
Event: 40.113 GC heap before
{Heap before GC invocations=10 (full 1):
 PSYoungGen      total 117248K, used 5600K [0x00000000ece00000, 0x00000000f5600000, 0x0000000100000000)
  eden space 111616K, 0% used [0x00000000ece00000,0x00000000ece00000,0x00000000f3b00000)
  from space 5632K, 99% used [0x00000000f4380000,0x00000000f48f8150,0x00000000f4900000)
  to   space 13312K, 0% used [0x00000000f4900000,0x00000000f4900000,0x00000000f5600000)
 ParOldGen       total 38912K, used 31806K [0x00000000c6a00000, 0x00000000c9000000, 0x00000000ece00000)
  object space 38912K, 81% used [0x00000000c6a00000,0x00000000c890f928,0x00000000c9000000)
 PSPermGen       total 21504K, used 19813K [0x00000000bc400000, 0x00000000bd900000, 0x00000000c6a00000)
  object space 21504K, 92% used [0x00000000bc400000,0x00000000bd7594e8,0x00000000bd900000)
Event: 40.228 GC heap after
Heap after GC invocations=10 (full 1):
 PSYoungGen      total 117248K, used 0K [0x00000000ece00000, 0x00000000f5600000, 0x0000000100000000)
  eden space 111616K, 0% used [0x00000000ece00000,0x00000000ece00000,0x00000000f3b00000)
  from space 5632K, 0% used [0x00000000f4380000,0x00000000f4380000,0x00000000f4900000)
  to   space 13312K, 0% used [0x00000000f4900000,0x00000000f4900000,0x00000000f5600000)
 ParOldGen       total 55296K, used 31110K [0x00000000c6a00000, 0x00000000ca000000, 0x00000000ece00000)
  object space 55296K, 56% used [0x00000000c6a00000,0x00000000c8861ab0,0x00000000ca000000)
 PSPermGen       total 39936K, used 19808K [0x00000000bc400000, 0x00000000beb00000, 0x00000000c6a00000)
  object space 39936K, 49% used [0x00000000bc400000,0x00000000bd758258,0x00000000beb00000)
}

