# JRE version: OpenJDK Runtime Environment (7.0_79-b14) (build 1.7.0_79-b14)
# Java VM: OpenJDK 64-Bit Server VM (24.79-b02 mixed mode linux-amd64 compressed oops)
Heap
 PSYoungGen      total 73216K, used 37640K [0x00000000ece00000, 0x00000000f2000000, 0x0000000100000000)
  eden space 63488K, 49% used [0x00000000ece00000,0x00000000eecf20c8,0x00000000f0c00000)
  from space 9728K, 61% used [0x00000000f1680000,0x00000000f1c50180,0x00000000f2000000)
  to   space 10240K, 0% used [0x00000000f0c00000,0x00000000f0c00000,0x00000000f1600000)
 ParOldGen       total 38912K, used 22200K [0x00000000c6a00000, 0x00000000c9000000, 0x00000000ece00000)
  object space 38912K, 57% used [0x00000000c6a00000,0x00000000c7fae3c0,0x00000000c9000000)
 PSPermGen       total 21504K, used 20255K [0x00000000bc400000, 0x00000000bd900000, 0x00000000c6a00000)
  object space 21504K, 94% used [0x00000000bc400000,0x00000000bd7c7d10,0x00000000bd900000)
GC Heap History (10 events):
Event: 1.665 GC heap before
{Heap before GC invocations=2 (full 0):
 PSYoungGen      total 17920K, used 17909K [0x00000000ece00000, 0x00000000ee180000, 0x0000000100000000)
  eden space 15872K, 100% used [0x00000000ece00000,0x00000000edd80000,0x00000000edd80000)
  from space 2048K, 99% used [0x00000000edd80000,0x00000000edf7d670,0x00000000edf80000)
  to   space 2048K, 0% used [0x00000000edf80000,0x00000000edf80000,0x00000000ee180000)
 ParOldGen       total 38912K, used 1165K [0x00000000c6a00000, 0x00000000c9000000, 0x00000000ece00000)
  object space 38912K, 2% used [0x00000000c6a00000,0x00000000c6b236b8,0x00000000c9000000)
 PSPermGen       total 21504K, used 17452K [0x00000000bc400000, 0x00000000bd900000, 0x00000000c6a00000)
  object space 21504K, 81% used [0x00000000bc400000,0x00000000bd50b2d8,0x00000000bd900000)
Event: 1.679 GC heap after
Heap after GC invocations=2 (full 0):
 PSYoungGen      total 17920K, used 2018K [0x00000000ece00000, 0x00000000ef100000, 0x0000000100000000)
  eden space 15872K, 0% used [0x00000000ece00000,0x00000000ece00000,0x00000000edd80000)
  from space 2048K, 98% used [0x00000000edf80000,0x00000000ee178850,0x00000000ee180000)
  to   space 2048K, 0% used [0x00000000edd80000,0x00000000edd80000,0x00000000edf80000)
 ParOldGen       total 38912K, used 4591K [0x00000000c6a00000, 0x00000000c9000000, 0x00000000ece00000)
  object space 38912K, 11% used [0x00000000c6a00000,0x00000000c6e7bf58,0x00000000c9000000)
 PSPermGen       total 21504K, used 17452K [0x00000000bc400000, 0x00000000bd900000, 0x00000000c6a00000)
  object space 21504K, 81% used [0x00000000bc400000,0x00000000bd50b2d8,0x00000000bd900000)
}
Event: 3.019 GC heap before
{Heap before GC invocations=3 (full 0):
 PSYoungGen      total 17920K, used 17772K [0x00000000ece00000, 0x00000000ef100000, 0x0000000100000000)
  eden space 15872K, 99% used [0x00000000ece00000,0x00000000edd62a40,0x00000000edd80000)
  from space 2048K, 98% used [0x00000000edf80000,0x00000000ee178850,0x00000000ee180000)
  to   space 2048K, 0% used [0x00000000edd80000,0x00000000edd80000,0x00000000edf80000)
 ParOldGen       total 38912K, used 4591K [0x00000000c6a00000, 0x00000000c9000000, 0x00000000ece00000)
  object space 38912K, 11% used [0x00000000c6a00000,0x00000000c6e7bf58,0x00000000c9000000)
 PSPermGen       total 21504K, used 20089K [0x00000000bc400000, 0x00000000bd900000, 0x00000000c6a00000)
  object space 21504K, 93% used [0x00000000bc400000,0x00000000bd79e4e0,0x00000000bd900000)
Event: 3.036 GC heap after
Heap after GC invocations=3 (full 0):
 PSYoungGen      total 17920K, used 2016K [0x00000000ece00000, 0x00000000ef100000, 0x0000000100000000)
  eden space 15872K, 0% used [0x00000000ece00000,0x00000000ece00000,0x00000000edd80000)
  from space 2048K, 98% used [0x00000000edd80000,0x00000000edf78080,0x00000000edf80000)
  to   space 2048K, 0% used [0x00000000eef00000,0x00000000eef00000,0x00000000ef100000)
 ParOldGen       total 38912K, used 12349K [0x00000000c6a00000, 0x00000000c9000000, 0x00000000ece00000)
  object space 38912K, 31% used [0x00000000c6a00000,0x00000000c760f5d0,0x00000000c9000000)
 PSPermGen       total 21504K, used 20089K [0x00000000bc400000, 0x00000000bd900000, 0x00000000c6a00000)
  object space 21504K, 93% used [0x00000000bc400000,0x00000000bd79e4e0,0x00000000bd900000)
}
Event: 3.447 GC heap before
{Heap before GC invocations=4 (full 0):
 PSYoungGen      total 17920K, used 17649K [0x00000000ece00000, 0x00000000ef100000, 0x0000000100000000)
  eden space 15872K, 98% used [0x00000000ece00000,0x00000000edd44698,0x00000000edd80000)
  from space 2048K, 98% used [0x00000000edd80000,0x00000000edf78080,0x00000000edf80000)
  to   space 2048K, 0% used [0x00000000eef00000,0x00000000eef00000,0x00000000ef100000)
 ParOldGen       total 38912K, used 12349K [0x00000000c6a00000, 0x00000000c9000000, 0x00000000ece00000)
  object space 38912K, 31% used [0x00000000c6a00000,0x00000000c760f5d0,0x00000000c9000000)
 PSPermGen       total 21504K, used 20113K [0x00000000bc400000, 0x00000000bd900000, 0x00000000c6a00000)
  object space 21504K, 93% used [0x00000000bc400000,0x00000000bd7a4700,0x00000000bd900000)
Event: 3.457 GC heap after
Heap after GC invocations=4 (full 0):
 PSYoungGen      total 33792K, used 2016K [0x00000000ece00000, 0x00000000ef100000, 0x0000000100000000)
  eden space 31744K, 0% used [0x00000000ece00000,0x00000000ece00000,0x00000000eed00000)
  from space 2048K, 98% used [0x00000000eef00000,0x00000000ef0f8090,0x00000000ef100000)
  to   space 2048K, 0% used [0x00000000eed00000,0x00000000eed00000,0x00000000eef00000)
 ParOldGen       total 38912K, used 16183K [0x00000000c6a00000, 0x00000000c9000000, 0x00000000ece00000)
  object space 38912K, 41% used [0x00000000c6a00000,0x00000000c79cdd50,0x00000000c9000000)
 PSPermGen       total 21504K, used 20113K [0x00000000bc400000, 0x00000000bd900000, 0x00000000c6a00000)
  object space 21504K, 93% used [0x00000000bc400000,0x00000000bd7a4700,0x00000000bd900000)
}
Event: 3.816 GC heap before
{Heap before GC invocations=5 (full 0):
 PSYoungGen      total 33792K, used 33519K [0x00000000ece00000, 0x00000000ef100000, 0x0000000100000000)
  eden space 31744K, 99% used [0x00000000ece00000,0x00000000eecc3c98,0x00000000eed00000)
  from space 2048K, 98% used [0x00000000eef00000,0x00000000ef0f8090,0x00000000ef100000)
  to   space 2048K, 0% used [0x00000000eed00000,0x00000000eed00000,0x00000000eef00000)
 ParOldGen       total 38912K, used 16183K [0x00000000c6a00000, 0x00000000c9000000, 0x00000000ece00000)
  object space 38912K, 41% used [0x00000000c6a00000,0x00000000c79cdd50,0x00000000c9000000)
 PSPermGen       total 21504K, used 20118K [0x00000000bc400000, 0x00000000bd900000, 0x00000000c6a00000)
  object space 21504K, 93% used [0x00000000bc400000,0x00000000bd7a5820,0x00000000bd900000)
Event: 3.827 GC heap after
Heap after GC invocations=5 (full 0):
 PSYoungGen      total 33792K, used 2016K [0x00000000ece00000, 0x00000000f2100000, 0x0000000100000000)
  eden space 31744K, 0% used [0x00000000ece00000,0x00000000ece00000,0x00000000eed00000)
  from space 2048K, 98% used [0x00000000eed00000,0x00000000eeef8090,0x00000000eef00000)
  to   space 10752K, 0% used [0x00000000f1680000,0x00000000f1680000,0x00000000f2100000)
 ParOldGen       total 38912K, used 22200K [0x00000000c6a00000, 0x00000000c9000000, 0x00000000ece00000)
  object space 38912K, 57% used [0x00000000c6a00000,0x00000000c7fae3c0,0x00000000c9000000)
 PSPermGen       total 21504K, used 20118K [0x00000000bc400000, 0x00000000bd900000, 0x00000000c6a00000)
  object space 21504K, 93% used [0x00000000bc400000,0x00000000bd7a5820,0x00000000bd900000)
}
Event: 4.890 GC heap before
{Heap before GC invocations=6 (full 0):
 PSYoungGen      total 33792K, used 33508K [0x00000000ece00000, 0x00000000f2100000, 0x0000000100000000)
  eden space 31744K, 99% used [0x00000000ece00000,0x00000000eecc1130,0x00000000eed00000)
  from space 2048K, 98% used [0x00000000eed00000,0x00000000eeef8090,0x00000000eef00000)
  to   space 10752K, 0% used [0x00000000f1680000,0x00000000f1680000,0x00000000f2100000)
 ParOldGen       total 38912K, used 22200K [0x00000000c6a00000, 0x00000000c9000000, 0x00000000ece00000)
  object space 38912K, 57% used [0x00000000c6a00000,0x00000000c7fae3c0,0x00000000c9000000)
 PSPermGen       total 21504K, used 20170K [0x00000000bc400000, 0x00000000bd900000, 0x00000000c6a00000)
  object space 21504K, 93% used [0x00000000bc400000,0x00000000bd7b2858,0x00000000bd900000)
Event: 4.900 GC heap after
Heap after GC invocations=6 (full 0):
 PSYoungGen      total 73216K, used 5952K [0x00000000ece00000, 0x00000000f2000000, 0x0000000100000000)
  eden space 63488K, 0% used [0x00000000ece00000,0x00000000ece00000,0x00000000f0c00000)
  from space 9728K, 61% used [0x00000000f1680000,0x00000000f1c50180,0x00000000f2000000)
  to   space 10240K, 0% used [0x00000000f0c00000,0x00000000f0c00000,0x00000000f1600000)
 ParOldGen       total 38912K, used 22200K [0x00000000c6a00000, 0x00000000c9000000, 0x00000000ece00000)
  object space 38912K, 57% used [0x00000000c6a00000,0x00000000c7fae3c0,0x00000000c9000000)
 PSPermGen       total 21504K, used 20170K [0x00000000bc400000, 0x00000000bd900000, 0x00000000c6a00000)
  object space 21504K, 93% used [0x00000000bc400000,0x00000000bd7b2858,0x00000000bd900000)
}

