# JRE version: OpenJDK Runtime Environment (7.0_79-b14) (build 1.7.0_79-b14)
# Java VM: OpenJDK 64-Bit Server VM (24.79-b02 mixed mode linux-amd64 compressed oops)
Heap
 PSYoungGen      total 214528K, used 57493K [0x00000000ece00000, 0x00000000faf80000, 0x0000000100000000)
  eden space 199680K, 28% used [0x00000000ece00000,0x00000000f0625728,0x00000000f9100000)
  from space 14848K, 0% used [0x00000000fa000000,0x00000000fa000000,0x00000000fae80000)
  to   space 15360K, 0% used [0x00000000f9100000,0x00000000f9100000,0x00000000fa000000)
 ParOldGen       total 66560K, used 35835K [0x00000000c6a00000, 0x00000000cab00000, 0x00000000ece00000)
  object space 66560K, 53% used [0x00000000c6a00000,0x00000000c8cfec68,0x00000000cab00000)
 PSPermGen       total 39424K, used 19728K [0x00000000bc400000, 0x00000000bea80000, 0x00000000c6a00000)
  object space 39424K, 50% used [0x00000000bc400000,0x00000000bd7443e0,0x00000000bea80000)
GC Heap History (10 events):
Event: 6.889 GC heap before
{Heap before GC invocations=7 (full 0):
 PSYoungGen      total 72192K, used 68537K [0x00000000ece00000, 0x00000000f1e00000, 0x0000000100000000)
  eden space 63488K, 99% used [0x00000000ece00000,0x00000000f0bde2f0,0x00000000f0c00000)
  from space 8704K, 59% used [0x00000000f1580000,0x00000000f1a90110,0x00000000f1e00000)
  to   space 9216K, 0% used [0x00000000f0c00000,0x00000000f0c00000,0x00000000f1500000)
 ParOldGen       total 38912K, used 12443K [0x00000000c6a00000, 0x00000000c9000000, 0x00000000ece00000)
  object space 38912K, 31% used [0x00000000c6a00000,0x00000000c7626e68,0x00000000c9000000)
 PSPermGen       total 21504K, used 19489K [0x00000000bc400000, 0x00000000bd900000, 0x00000000c6a00000)
  object space 21504K, 90% used [0x00000000bc400000,0x00000000bd7086f8,0x00000000bd900000)
Event: 6.904 GC heap after
Heap after GC invocations=7 (full 0):
 PSYoungGen      total 72704K, used 8960K [0x00000000ece00000, 0x00000000f5f00000, 0x0000000100000000)
  eden space 63488K, 0% used [0x00000000ece00000,0x00000000ece00000,0x00000000f0c00000)
  from space 9216K, 97% used [0x00000000f0c00000,0x00000000f14c0240,0x00000000f1500000)
  to   space 10752K, 0% used [0x00000000f5480000,0x00000000f5480000,0x00000000f5f00000)
 ParOldGen       total 38912K, used 13674K [0x00000000c6a00000, 0x00000000c9000000, 0x00000000ece00000)
  object space 38912K, 35% used [0x00000000c6a00000,0x00000000c775aad0,0x00000000c9000000)
 PSPermGen       total 21504K, used 19489K [0x00000000bc400000, 0x00000000bd900000, 0x00000000c6a00000)
  object space 21504K, 90% used [0x00000000bc400000,0x00000000bd7086f8,0x00000000bd900000)
}
Event: 9.387 GC heap before
{Heap before GC invocations=8 (full 0):
 PSYoungGen      total 72704K, used 72448K [0x00000000ece00000, 0x00000000f5f00000, 0x0000000100000000)
  eden space 63488K, 100% used [0x00000000ece00000,0x00000000f0c00000,0x00000000f0c00000)
  from space 9216K, 97% used [0x00000000f0c00000,0x00000000f14c0240,0x00000000f1500000)
  to   space 10752K, 0% used [0x00000000f5480000,0x00000000f5480000,0x00000000f5f00000)
 ParOldGen       total 38912K, used 13674K [0x00000000c6a00000, 0x00000000c9000000, 0x00000000ece00000)
  object space 38912K, 35% used [0x00000000c6a00000,0x00000000c775aad0,0x00000000c9000000)
 PSPermGen       total 21504K, used 19580K [0x00000000bc400000, 0x00000000bd900000, 0x00000000c6a00000)
  object space 21504K, 91% used [0x00000000bc400000,0x00000000bd71f190,0x00000000bd900000)
Event: 9.406 GC heap after
Heap after GC invocations=8 (full 0):
 PSYoungGen      total 135680K, used 10528K [0x00000000ece00000, 0x00000000f6300000, 0x0000000100000000)
  eden space 124928K, 0% used [0x00000000ece00000,0x00000000ece00000,0x00000000f4800000)
  from space 10752K, 97% used [0x00000000f5480000,0x00000000f5ec82b0,0x00000000f5f00000)
  to   space 12800K, 0% used [0x00000000f4800000,0x00000000f4800000,0x00000000f5480000)
 ParOldGen       total 38912K, used 16522K [0x00000000c6a00000, 0x00000000c9000000, 0x00000000ece00000)
  object space 38912K, 42% used [0x00000000c6a00000,0x00000000c7a22b70,0x00000000c9000000)
 PSPermGen       total 21504K, used 19580K [0x00000000bc400000, 0x00000000bd900000, 0x00000000c6a00000)
  object space 21504K, 91% used [0x00000000bc400000,0x00000000bd71f190,0x00000000bd900000)
}
Event: 16.571 GC heap before
{Heap before GC invocations=9 (full 0):
 PSYoungGen      total 135680K, used 135456K [0x00000000ece00000, 0x00000000f6300000, 0x0000000100000000)
  eden space 124928K, 100% used [0x00000000ece00000,0x00000000f4800000,0x00000000f4800000)
  from space 10752K, 97% used [0x00000000f5480000,0x00000000f5ec82b0,0x00000000f5f00000)
  to   space 12800K, 0% used [0x00000000f4800000,0x00000000f4800000,0x00000000f5480000)
 ParOldGen       total 38912K, used 16522K [0x00000000c6a00000, 0x00000000c9000000, 0x00000000ece00000)
  object space 38912K, 42% used [0x00000000c6a00000,0x00000000c7a22b70,0x00000000c9000000)
 PSPermGen       total 21504K, used 19636K [0x00000000bc400000, 0x00000000bd900000, 0x00000000c6a00000)
  object space 21504K, 91% used [0x00000000bc400000,0x00000000bd72d280,0x00000000bd900000)
Event: 16.611 GC heap after
Heap after GC invocations=9 (full 0):
 PSYoungGen      total 137728K, used 12768K [0x00000000ece00000, 0x00000000fae80000, 0x0000000100000000)
  eden space 124928K, 0% used [0x00000000ece00000,0x00000000ece00000,0x00000000f4800000)
  from space 12800K, 99% used [0x00000000f4800000,0x00000000f5478360,0x00000000f5480000)
  to   space 14848K, 0% used [0x00000000fa000000,0x00000000fa000000,0x00000000fae80000)
 ParOldGen       total 38912K, used 24867K [0x00000000c6a00000, 0x00000000c9000000, 0x00000000ece00000)
  object space 38912K, 63% used [0x00000000c6a00000,0x00000000c8248de0,0x00000000c9000000)
 PSPermGen       total 21504K, used 19636K [0x00000000bc400000, 0x00000000bd900000, 0x00000000c6a00000)
  object space 21504K, 91% used [0x00000000bc400000,0x00000000bd72d280,0x00000000bd900000)
}
Event: 28.975 GC heap before
{Heap before GC invocations=10 (full 0):
 PSYoungGen      total 137728K, used 137696K [0x00000000ece00000, 0x00000000fae80000, 0x0000000100000000)
  eden space 124928K, 100% used [0x00000000ece00000,0x00000000f4800000,0x00000000f4800000)
  from space 12800K, 99% used [0x00000000f4800000,0x00000000f5478360,0x00000000f5480000)
  to   space 14848K, 0% used [0x00000000fa000000,0x00000000fa000000,0x00000000fae80000)
 ParOldGen       total 38912K, used 24867K [0x00000000c6a00000, 0x00000000c9000000, 0x00000000ece00000)
  object space 38912K, 63% used [0x00000000c6a00000,0x00000000c8248de0,0x00000000c9000000)
 PSPermGen       total 21504K, used 19685K [0x00000000bc400000, 0x00000000bd900000, 0x00000000c6a00000)
  object space 21504K, 91% used [0x00000000bc400000,0x00000000bd739778,0x00000000bd900000)
Event: 29.027 GC heap after
Heap after GC invocations=10 (full 0):
 PSYoungGen      total 214528K, used 11056K [0x00000000ece00000, 0x00000000faf80000, 0x0000000100000000)
  eden space 199680K, 0% used [0x00000000ece00000,0x00000000ece00000,0x00000000f9100000)
  from space 14848K, 74% used [0x00000000fa000000,0x00000000faacc2d0,0x00000000fae80000)
  to   space 15360K, 0% used [0x00000000f9100000,0x00000000f9100000,0x00000000fa000000)
 ParOldGen       total 38912K, used 30307K [0x00000000c6a00000, 0x00000000c9000000, 0x00000000ece00000)
  object space 38912K, 77% used [0x00000000c6a00000,0x00000000c8798f30,0x00000000c9000000)
 PSPermGen       total 21504K, used 19685K [0x00000000bc400000, 0x00000000bd900000, 0x00000000c6a00000)
  object space 21504K, 91% used [0x00000000bc400000,0x00000000bd739778,0x00000000bd900000)
}
Event: 29.027 GC heap before
{Heap before GC invocations=11 (full 1):
 PSYoungGen      total 214528K, used 11056K [0x00000000ece00000, 0x00000000faf80000, 0x0000000100000000)
  eden space 199680K, 0% used [0x00000000ece00000,0x00000000ece00000,0x00000000f9100000)
  from space 14848K, 74% used [0x00000000fa000000,0x00000000faacc2d0,0x00000000fae80000)
  to   space 15360K, 0% used [0x00000000f9100000,0x00000000f9100000,0x00000000fa000000)
 ParOldGen       total 38912K, used 30307K [0x00000000c6a00000, 0x00000000c9000000, 0x00000000ece00000)
  object space 38912K, 77% used [0x00000000c6a00000,0x00000000c8798f30,0x00000000c9000000)
 PSPermGen       total 21504K, used 19685K [0x00000000bc400000, 0x00000000bd900000, 0x00000000c6a00000)
  object space 21504K, 91% used [0x00000000bc400000,0x00000000bd739778,0x00000000bd900000)
Event: 29.173 GC heap after
Heap after GC invocations=11 (full 1):
 PSYoungGen      total 214528K, used 0K [0x00000000ece00000, 0x00000000faf80000, 0x0000000100000000)
  eden space 199680K, 0% used [0x00000000ece00000,0x00000000ece00000,0x00000000f9100000)
  from space 14848K, 0% used [0x00000000fa000000,0x00000000fa000000,0x00000000fae80000)
  to   space 15360K, 0% used [0x00000000f9100000,0x00000000f9100000,0x00000000fa000000)
 ParOldGen       total 66560K, used 35835K [0x00000000c6a00000, 0x00000000cab00000, 0x00000000ece00000)
  object space 66560K, 53% used [0x00000000c6a00000,0x00000000c8cfec68,0x00000000cab00000)
 PSPermGen       total 39424K, used 19681K [0x00000000bc400000, 0x00000000bea80000, 0x00000000c6a00000)
  object space 39424K, 49% used [0x00000000bc400000,0x00000000bd7384a8,0x00000000bea80000)
}

