# JRE version: OpenJDK Runtime Environment (7.0_79-b14) (build 1.7.0_79-b14)
# Java VM: OpenJDK 64-Bit Server VM (24.79-b02 mixed mode linux-amd64 compressed oops)
Heap
 PSYoungGen      total 72704K, used 50381K [0x00000000ece00000, 0x00000000f2200000, 0x0000000100000000)
  eden space 62464K, 67% used [0x00000000ece00000,0x00000000ef72b4d0,0x00000000f0b00000)
  from space 10240K, 80% used [0x00000000f1600000,0x00000000f1e08200,0x00000000f2000000)
  to   space 11264K, 0% used [0x00000000f0b00000,0x00000000f0b00000,0x00000000f1600000)
 ParOldGen       total 38912K, used 19608K [0x00000000c6a00000, 0x00000000c9000000, 0x00000000ece00000)
  object space 38912K, 50% used [0x00000000c6a00000,0x00000000c7d261a0,0x00000000c9000000)
 PSPermGen       total 21504K, used 20361K [0x00000000bc400000, 0x00000000bd900000, 0x00000000c6a00000)
  object space 21504K, 94% used [0x00000000bc400000,0x00000000bd7e2478,0x00000000bd900000)
GC Heap History (10 events):
Event: 1.657 GC heap before
{Heap before GC invocations=2 (full 0):
 PSYoungGen      total 17920K, used 17898K [0x00000000ece00000, 0x00000000ee180000, 0x0000000100000000)
  eden space 15872K, 99% used [0x00000000ece00000,0x00000000edd7cb00,0x00000000edd80000)
  from space 2048K, 99% used [0x00000000edd80000,0x00000000edf7dea0,0x00000000edf80000)
  to   space 2048K, 0% used [0x00000000edf80000,0x00000000edf80000,0x00000000ee180000)
 ParOldGen       total 38912K, used 1124K [0x00000000c6a00000, 0x00000000c9000000, 0x00000000ece00000)
  object space 38912K, 2% used [0x00000000c6a00000,0x00000000c6b19310,0x00000000c9000000)
 PSPermGen       total 21504K, used 17452K [0x00000000bc400000, 0x00000000bd900000, 0x00000000c6a00000)
  object space 21504K, 81% used [0x00000000bc400000,0x00000000bd50b030,0x00000000bd900000)
Event: 1.671 GC heap after
Heap after GC invocations=2 (full 0):
 PSYoungGen      total 17920K, used 2032K [0x00000000ece00000, 0x00000000ef100000, 0x0000000100000000)
  eden space 15872K, 0% used [0x00000000ece00000,0x00000000ece00000,0x00000000edd80000)
  from space 2048K, 99% used [0x00000000edf80000,0x00000000ee17c030,0x00000000ee180000)
  to   space 2048K, 0% used [0x00000000edd80000,0x00000000edd80000,0x00000000edf80000)
 ParOldGen       total 38912K, used 4540K [0x00000000c6a00000, 0x00000000c9000000, 0x00000000ece00000)
  object space 38912K, 11% used [0x00000000c6a00000,0x00000000c6e6f1c8,0x00000000c9000000)
 PSPermGen       total 21504K, used 17452K [0x00000000bc400000, 0x00000000bd900000, 0x00000000c6a00000)
  object space 21504K, 81% used [0x00000000bc400000,0x00000000bd50b030,0x00000000bd900000)
}
Event: 2.823 GC heap before
{Heap before GC invocations=3 (full 0):
 PSYoungGen      total 17920K, used 17870K [0x00000000ece00000, 0x00000000ef100000, 0x0000000100000000)
  eden space 15872K, 99% used [0x00000000ece00000,0x00000000edd77a20,0x00000000edd80000)
  from space 2048K, 99% used [0x00000000edf80000,0x00000000ee17c030,0x00000000ee180000)
  to   space 2048K, 0% used [0x00000000edd80000,0x00000000edd80000,0x00000000edf80000)
 ParOldGen       total 38912K, used 4540K [0x00000000c6a00000, 0x00000000c9000000, 0x00000000ece00000)
  object space 38912K, 11% used [0x00000000c6a00000,0x00000000c6e6f1c8,0x00000000c9000000)
 PSPermGen       total 21504K, used 20076K [0x00000000bc400000, 0x00000000bd900000, 0x00000000c6a00000)
  object space 21504K, 93% used [0x00000000bc400000,0x00000000bd79b1e8,0x00000000bd900000)
Event: 2.844 GC heap after
Heap after GC invocations=3 (full 0):
 PSYoungGen      total 17920K, used 2032K [0x00000000ece00000, 0x00000000ef100000, 0x0000000100000000)
  eden space 15872K, 0% used [0x00000000ece00000,0x00000000ece00000,0x00000000edd80000)
  from space 2048K, 99% used [0x00000000edd80000,0x00000000edf7c0a0,0x00000000edf80000)
  to   space 2048K, 0% used [0x00000000eef00000,0x00000000eef00000,0x00000000ef100000)
 ParOldGen       total 38912K, used 11699K [0x00000000c6a00000, 0x00000000c9000000, 0x00000000ece00000)
  object space 38912K, 30% used [0x00000000c6a00000,0x00000000c756cc98,0x00000000c9000000)
 PSPermGen       total 21504K, used 20076K [0x00000000bc400000, 0x00000000bd900000, 0x00000000c6a00000)
  object space 21504K, 93% used [0x00000000bc400000,0x00000000bd79b1e8,0x00000000bd900000)
}
Event: 3.166 GC heap before
{Heap before GC invocations=4 (full 0):
 PSYoungGen      total 17920K, used 17767K [0x00000000ece00000, 0x00000000ef100000, 0x0000000100000000)
  eden space 15872K, 99% used [0x00000000ece00000,0x00000000edd5ded0,0x00000000edd80000)
  from space 2048K, 99% used [0x00000000edd80000,0x00000000edf7c0a0,0x00000000edf80000)
  to   space 2048K, 0% used [0x00000000eef00000,0x00000000eef00000,0x00000000ef100000)
 ParOldGen       total 38912K, used 11699K [0x00000000c6a00000, 0x00000000c9000000, 0x00000000ece00000)
  object space 38912K, 30% used [0x00000000c6a00000,0x00000000c756cc98,0x00000000c9000000)
 PSPermGen       total 21504K, used 20096K [0x00000000bc400000, 0x00000000bd900000, 0x00000000c6a00000)
  object space 21504K, 93% used [0x00000000bc400000,0x00000000bd7a0370,0x00000000bd900000)
Event: 3.175 GC heap after
Heap after GC invocations=4 (full 0):
 PSYoungGen      total 33792K, used 2032K [0x00000000ece00000, 0x00000000ef100000, 0x0000000100000000)
  eden space 31744K, 0% used [0x00000000ece00000,0x00000000ece00000,0x00000000eed00000)
  from space 2048K, 99% used [0x00000000eef00000,0x00000000ef0fc080,0x00000000ef100000)
  to   space 2048K, 0% used [0x00000000eed00000,0x00000000eed00000,0x00000000eef00000)
 ParOldGen       total 38912K, used 14094K [0x00000000c6a00000, 0x00000000c9000000, 0x00000000ece00000)
  object space 38912K, 36% used [0x00000000c6a00000,0x00000000c77c39f0,0x00000000c9000000)
 PSPermGen       total 21504K, used 20096K [0x00000000bc400000, 0x00000000bd900000, 0x00000000c6a00000)
  object space 21504K, 93% used [0x00000000bc400000,0x00000000bd7a0370,0x00000000bd900000)
}
Event: 4.606 GC heap before
{Heap before GC invocations=5 (full 0):
 PSYoungGen      total 33792K, used 33776K [0x00000000ece00000, 0x00000000ef100000, 0x0000000100000000)
  eden space 31744K, 100% used [0x00000000ece00000,0x00000000eed00000,0x00000000eed00000)
  from space 2048K, 99% used [0x00000000eef00000,0x00000000ef0fc080,0x00000000ef100000)
  to   space 2048K, 0% used [0x00000000eed00000,0x00000000eed00000,0x00000000eef00000)
 ParOldGen       total 38912K, used 14094K [0x00000000c6a00000, 0x00000000c9000000, 0x00000000ece00000)
  object space 38912K, 36% used [0x00000000c6a00000,0x00000000c77c39f0,0x00000000c9000000)
 PSPermGen       total 21504K, used 20162K [0x00000000bc400000, 0x00000000bd900000, 0x00000000c6a00000)
  object space 21504K, 93% used [0x00000000bc400000,0x00000000bd7b0a40,0x00000000bd900000)
Event: 4.616 GC heap after
Heap after GC invocations=5 (full 0):
 PSYoungGen      total 33792K, used 2016K [0x00000000ece00000, 0x00000000f2000000, 0x0000000100000000)
  eden space 31744K, 0% used [0x00000000ece00000,0x00000000ece00000,0x00000000eed00000)
  from space 2048K, 98% used [0x00000000eed00000,0x00000000eeef8060,0x00000000eef00000)
  to   space 10240K, 0% used [0x00000000f1600000,0x00000000f1600000,0x00000000f2000000)
 ParOldGen       total 38912K, used 19608K [0x00000000c6a00000, 0x00000000c9000000, 0x00000000ece00000)
  object space 38912K, 50% used [0x00000000c6a00000,0x00000000c7d261a0,0x00000000c9000000)
 PSPermGen       total 21504K, used 20162K [0x00000000bc400000, 0x00000000bd900000, 0x00000000c6a00000)
  object space 21504K, 93% used [0x00000000bc400000,0x00000000bd7b0a40,0x00000000bd900000)
}
Event: 7.067 GC heap before
{Heap before GC invocations=6 (full 0):
 PSYoungGen      total 33792K, used 33699K [0x00000000ece00000, 0x00000000f2000000, 0x0000000100000000)
  eden space 31744K, 99% used [0x00000000ece00000,0x00000000eecf0c90,0x00000000eed00000)
  from space 2048K, 98% used [0x00000000eed00000,0x00000000eeef8060,0x00000000eef00000)
  to   space 10240K, 0% used [0x00000000f1600000,0x00000000f1600000,0x00000000f2000000)
 ParOldGen       total 38912K, used 19608K [0x00000000c6a00000, 0x00000000c9000000, 0x00000000ece00000)
  object space 38912K, 50% used [0x00000000c6a00000,0x00000000c7d261a0,0x00000000c9000000)
 PSPermGen       total 21504K, used 20222K [0x00000000bc400000, 0x00000000bd900000, 0x00000000c6a00000)
  object space 21504K, 94% used [0x00000000bc400000,0x00000000bd7bfa78,0x00000000bd900000)
Event: 7.078 GC heap after
Heap after GC invocations=6 (full 0):
 PSYoungGen      total 72704K, used 8224K [0x00000000ece00000, 0x00000000f2200000, 0x0000000100000000)
  eden space 62464K, 0% used [0x00000000ece00000,0x00000000ece00000,0x00000000f0b00000)
  from space 10240K, 80% used [0x00000000f1600000,0x00000000f1e08200,0x00000000f2000000)
  to   space 11264K, 0% used [0x00000000f0b00000,0x00000000f0b00000,0x00000000f1600000)
 ParOldGen       total 38912K, used 19608K [0x00000000c6a00000, 0x00000000c9000000, 0x00000000ece00000)
  object space 38912K, 50% used [0x00000000c6a00000,0x00000000c7d261a0,0x00000000c9000000)
 PSPermGen       total 21504K, used 20222K [0x00000000bc400000, 0x00000000bd900000, 0x00000000c6a00000)
  object space 21504K, 94% used [0x00000000bc400000,0x00000000bd7bfa78,0x00000000bd900000)
}

