# JRE version: OpenJDK Runtime Environment (7.0_79-b14) (build 1.7.0_79-b14)
# Java VM: OpenJDK 64-Bit Server VM (24.79-b02 mixed mode linux-amd64 compressed oops)
Heap
 PSYoungGen      total 33792K, used 2474K [0x00000000ece00000, 0x00000000efa80000, 0x0000000100000000)
  eden space 33280K, 7% used [0x00000000ece00000,0x00000000ed05aaf8,0x00000000eee80000)
  from space 512K, 12% used [0x00000000eef80000,0x00000000eef90000,0x00000000ef000000)
  to   space 6144K, 0% used [0x00000000ef480000,0x00000000ef480000,0x00000000efa80000)
 ParOldGen       total 54272K, used 23144K [0x00000000c6a00000, 0x00000000c9f00000, 0x00000000ece00000)
  object space 54272K, 42% used [0x00000000c6a00000,0x00000000c809a2f8,0x00000000c9f00000)
 PSPermGen       total 40960K, used 20561K [0x00000000bc400000, 0x00000000bec00000, 0x00000000c6a00000)
  object space 40960K, 50% used [0x00000000bc400000,0x00000000bd814718,0x00000000bec00000)
GC Heap History (10 events):
Event: 206.976 GC heap before
{Heap before GC invocations=26 (full 1):
 PSYoungGen      total 38912K, used 38464K [0x00000000ece00000, 0x00000000f0580000, 0x0000000100000000)
  eden space 38400K, 100% used [0x00000000ece00000,0x00000000ef380000,0x00000000ef380000)
  from space 512K, 12% used [0x00000000f0500000,0x00000000f0510000,0x00000000f0580000)
  to   space 8192K, 0% used [0x00000000ef580000,0x00000000ef580000,0x00000000efd80000)
 ParOldGen       total 54272K, used 23104K [0x00000000c6a00000, 0x00000000c9f00000, 0x00000000ece00000)
  object space 54272K, 42% used [0x00000000c6a00000,0x00000000c80902f8,0x00000000c9f00000)
 PSPermGen       total 40960K, used 20554K [0x00000000bc400000, 0x00000000bec00000, 0x00000000c6a00000)
  object space 40960K, 50% used [0x00000000bc400000,0x00000000bd812a10,0x00000000bec00000)
Event: 206.978 GC heap after
Heap after GC invocations=26 (full 1):
 PSYoungGen      total 45568K, used 96K [0x00000000ece00000, 0x00000000f0580000, 0x0000000100000000)
  eden space 37376K, 0% used [0x00000000ece00000,0x00000000ece00000,0x00000000ef280000)
  from space 8192K, 1% used [0x00000000ef580000,0x00000000ef598000,0x00000000efd80000)
  to   space 7680K, 0% used [0x00000000efe00000,0x00000000efe00000,0x00000000f0580000)
 ParOldGen       total 54272K, used 23104K [0x00000000c6a00000, 0x00000000c9f00000, 0x00000000ece00000)
  object space 54272K, 42% used [0x00000000c6a00000,0x00000000c80902f8,0x00000000c9f00000)
 PSPermGen       total 40960K, used 20554K [0x00000000bc400000, 0x00000000bec00000, 0x00000000c6a00000)
  object space 40960K, 50% used [0x00000000bc400000,0x00000000bd812a10,0x00000000bec00000)
}
Event: 213.030 GC heap before
{Heap before GC invocations=27 (full 1):
 PSYoungGen      total 45568K, used 37472K [0x00000000ece00000, 0x00000000f0580000, 0x0000000100000000)
  eden space 37376K, 100% used [0x00000000ece00000,0x00000000ef280000,0x00000000ef280000)
  from space 8192K, 1% used [0x00000000ef580000,0x00000000ef598000,0x00000000efd80000)
  to   space 7680K, 0% used [0x00000000efe00000,0x00000000efe00000,0x00000000f0580000)
 ParOldGen       total 54272K, used 23104K [0x00000000c6a00000, 0x00000000c9f00000, 0x00000000ece00000)
  object space 54272K, 42% used [0x00000000c6a00000,0x00000000c80902f8,0x00000000c9f00000)
 PSPermGen       total 40960K, used 20554K [0x00000000bc400000, 0x00000000bec00000, 0x00000000c6a00000)
  object space 40960K, 50% used [0x00000000bc400000,0x00000000bd812a10,0x00000000bec00000)
Event: 213.033 GC heap after
Heap after GC invocations=27 (full 1):
 PSYoungGen      total 37888K, used 64K [0x00000000ece00000, 0x00000000eff80000, 0x0000000100000000)
  eden space 36352K, 0% used [0x00000000ece00000,0x00000000ece00000,0x00000000ef180000)
  from space 1536K, 4% used [0x00000000efe00000,0x00000000efe10000,0x00000000eff80000)
  to   space 7168K, 0% used [0x00000000ef180000,0x00000000ef180000,0x00000000ef880000)
 ParOldGen       total 54272K, used 23104K [0x00000000c6a00000, 0x00000000c9f00000, 0x00000000ece00000)
  object space 54272K, 42% used [0x00000000c6a00000,0x00000000c80902f8,0x00000000c9f00000)
 PSPermGen       total 40960K, used 20554K [0x00000000bc400000, 0x00000000bec00000, 0x00000000c6a00000)
  object space 40960K, 50% used [0x00000000bc400000,0x00000000bd812a10,0x00000000bec00000)
}
Event: 218.914 GC heap before
{Heap before GC invocations=28 (full 1):
 PSYoungGen      total 37888K, used 36416K [0x00000000ece00000, 0x00000000eff80000, 0x0000000100000000)
  eden space 36352K, 100% used [0x00000000ece00000,0x00000000ef180000,0x00000000ef180000)
  from space 1536K, 4% used [0x00000000efe00000,0x00000000efe10000,0x00000000eff80000)
  to   space 7168K, 0% used [0x00000000ef180000,0x00000000ef180000,0x00000000ef880000)
 ParOldGen       total 54272K, used 23104K [0x00000000c6a00000, 0x00000000c9f00000, 0x00000000ece00000)
  object space 54272K, 42% used [0x00000000c6a00000,0x00000000c80902f8,0x00000000c9f00000)
 PSPermGen       total 40960K, used 20554K [0x00000000bc400000, 0x00000000bec00000, 0x00000000c6a00000)
  object space 40960K, 50% used [0x00000000bc400000,0x00000000bd812a10,0x00000000bec00000)
Event: 218.916 GC heap after
Heap after GC invocations=28 (full 1):
 PSYoungGen      total 35840K, used 64K [0x00000000ece00000, 0x00000000efe80000, 0x0000000100000000)
  eden space 35328K, 0% used [0x00000000ece00000,0x00000000ece00000,0x00000000ef080000)
  from space 512K, 12% used [0x00000000ef180000,0x00000000ef190000,0x00000000ef200000)
  to   space 6656K, 0% used [0x00000000ef800000,0x00000000ef800000,0x00000000efe80000)
 ParOldGen       total 54272K, used 23120K [0x00000000c6a00000, 0x00000000c9f00000, 0x00000000ece00000)
  object space 54272K, 42% used [0x00000000c6a00000,0x00000000c80942f8,0x00000000c9f00000)
 PSPermGen       total 40960K, used 20554K [0x00000000bc400000, 0x00000000bec00000, 0x00000000c6a00000)
  object space 40960K, 50% used [0x00000000bc400000,0x00000000bd812a10,0x00000000bec00000)
}
Event: 224.631 GC heap before
{Heap before GC invocations=29 (full 1):
 PSYoungGen      total 35840K, used 35392K [0x00000000ece00000, 0x00000000efe80000, 0x0000000100000000)
  eden space 35328K, 100% used [0x00000000ece00000,0x00000000ef080000,0x00000000ef080000)
  from space 512K, 12% used [0x00000000ef180000,0x00000000ef190000,0x00000000ef200000)
  to   space 6656K, 0% used [0x00000000ef800000,0x00000000ef800000,0x00000000efe80000)
 ParOldGen       total 54272K, used 23120K [0x00000000c6a00000, 0x00000000c9f00000, 0x00000000ece00000)
  object space 54272K, 42% used [0x00000000c6a00000,0x00000000c80942f8,0x00000000c9f00000)
 PSPermGen       total 40960K, used 20554K [0x00000000bc400000, 0x00000000bec00000, 0x00000000c6a00000)
  object space 40960K, 50% used [0x00000000bc400000,0x00000000bd812a70,0x00000000bec00000)
Event: 224.633 GC heap after
Heap after GC invocations=29 (full 1):
 PSYoungGen      total 37888K, used 64K [0x00000000ece00000, 0x00000000efb80000, 0x0000000100000000)
  eden space 34304K, 0% used [0x00000000ece00000,0x00000000ece00000,0x00000000eef80000)
  from space 3584K, 1% used [0x00000000ef800000,0x00000000ef810000,0x00000000efb80000)
  to   space 6144K, 0% used [0x00000000eef80000,0x00000000eef80000,0x00000000ef580000)
 ParOldGen       total 54272K, used 23128K [0x00000000c6a00000, 0x00000000c9f00000, 0x00000000ece00000)
  object space 54272K, 42% used [0x00000000c6a00000,0x00000000c80962f8,0x00000000c9f00000)
 PSPermGen       total 40960K, used 20554K [0x00000000bc400000, 0x00000000bec00000, 0x00000000c6a00000)
  object space 40960K, 50% used [0x00000000bc400000,0x00000000bd812a70,0x00000000bec00000)
}
Event: 230.262 GC heap before
{Heap before GC invocations=30 (full 1):
 PSYoungGen      total 37888K, used 34368K [0x00000000ece00000, 0x00000000efb80000, 0x0000000100000000)
  eden space 34304K, 100% used [0x00000000ece00000,0x00000000eef80000,0x00000000eef80000)
  from space 3584K, 1% used [0x00000000ef800000,0x00000000ef810000,0x00000000efb80000)
  to   space 6144K, 0% used [0x00000000eef80000,0x00000000eef80000,0x00000000ef580000)
 ParOldGen       total 54272K, used 23128K [0x00000000c6a00000, 0x00000000c9f00000, 0x00000000ece00000)
  object space 54272K, 42% used [0x00000000c6a00000,0x00000000c80962f8,0x00000000c9f00000)
 PSPermGen       total 40960K, used 20555K [0x00000000bc400000, 0x00000000bec00000, 0x00000000c6a00000)
  object space 40960K, 50% used [0x00000000bc400000,0x00000000bd812fc8,0x00000000bec00000)
Event: 230.264 GC heap after
Heap after GC invocations=30 (full 1):
 PSYoungGen      total 33792K, used 64K [0x00000000ece00000, 0x00000000efa80000, 0x0000000100000000)
  eden space 33280K, 0% used [0x00000000ece00000,0x00000000ece00000,0x00000000eee80000)
  from space 512K, 12% used [0x00000000eef80000,0x00000000eef90000,0x00000000ef000000)
  to   space 6144K, 0% used [0x00000000ef480000,0x00000000ef480000,0x00000000efa80000)
 ParOldGen       total 54272K, used 23144K [0x00000000c6a00000, 0x00000000c9f00000, 0x00000000ece00000)
  object space 54272K, 42% used [0x00000000c6a00000,0x00000000c809a2f8,0x00000000c9f00000)
 PSPermGen       total 40960K, used 20555K [0x00000000bc400000, 0x00000000bec00000, 0x00000000c6a00000)
  object space 40960K, 50% used [0x00000000bc400000,0x00000000bd812fc8,0x00000000bec00000)
}

