# JRE version: OpenJDK Runtime Environment (7.0_79-b14) (build 1.7.0_79-b14)
# Java VM: OpenJDK 64-Bit Server VM (24.79-b02 mixed mode linux-amd64 compressed oops)
Heap
 PSYoungGen      total 80896K, used 55773K [0x00000000ece00000, 0x00000000f2f80000, 0x0000000100000000)
  eden space 80384K, 69% used [0x00000000ece00000,0x00000000f0467420,0x00000000f1c80000)
  from space 512K, 12% used [0x00000000f1f80000,0x00000000f1f90000,0x00000000f2000000)
  to   space 9728K, 0% used [0x00000000f2600000,0x00000000f2600000,0x00000000f2f80000)
 ParOldGen       total 38912K, used 28220K [0x00000000c6a00000, 0x00000000c9000000, 0x00000000ece00000)
  object space 38912K, 72% used [0x00000000c6a00000,0x00000000c858f1d8,0x00000000c9000000)
 PSPermGen       total 21504K, used 20564K [0x00000000bc400000, 0x00000000bd900000, 0x00000000c6a00000)
  object space 21504K, 95% used [0x00000000bc400000,0x00000000bd815360,0x00000000bd900000)
GC Heap History (10 events):
Event: 131.458 GC heap before
{Heap before GC invocations=13 (full 0):
 PSYoungGen      total 106496K, used 98368K [0x00000000ece00000, 0x00000000f4600000, 0x0000000100000000)
  eden space 98304K, 100% used [0x00000000ece00000,0x00000000f2e00000,0x00000000f2e00000)
  from space 8192K, 0% used [0x00000000f3e00000,0x00000000f3e10000,0x00000000f4600000)
  to   space 12288K, 0% used [0x00000000f2e00000,0x00000000f2e00000,0x00000000f3a00000)
 ParOldGen       total 38912K, used 28172K [0x00000000c6a00000, 0x00000000c9000000, 0x00000000ece00000)
  object space 38912K, 72% used [0x00000000c6a00000,0x00000000c85831d8,0x00000000c9000000)
 PSPermGen       total 21504K, used 20552K [0x00000000bc400000, 0x00000000bd900000, 0x00000000c6a00000)
  object space 21504K, 95% used [0x00000000bc400000,0x00000000bd812088,0x00000000bd900000)
Event: 131.461 GC heap after
Heap after GC invocations=13 (full 0):
 PSYoungGen      total 94720K, used 32K [0x00000000ece00000, 0x00000000f4100000, 0x0000000100000000)
  eden space 94208K, 0% used [0x00000000ece00000,0x00000000ece00000,0x00000000f2a00000)
  from space 512K, 6% used [0x00000000f2e00000,0x00000000f2e08000,0x00000000f2e80000)
  to   space 11776K, 0% used [0x00000000f3580000,0x00000000f3580000,0x00000000f4100000)
 ParOldGen       total 38912K, used 28188K [0x00000000c6a00000, 0x00000000c9000000, 0x00000000ece00000)
  object space 38912K, 72% used [0x00000000c6a00000,0x00000000c85871d8,0x00000000c9000000)
 PSPermGen       total 21504K, used 20552K [0x00000000bc400000, 0x00000000bd900000, 0x00000000c6a00000)
  object space 21504K, 95% used [0x00000000bc400000,0x00000000bd812088,0x00000000bd900000)
}
Event: 145.754 GC heap before
{Heap before GC invocations=14 (full 0):
 PSYoungGen      total 94720K, used 94240K [0x00000000ece00000, 0x00000000f4100000, 0x0000000100000000)
  eden space 94208K, 100% used [0x00000000ece00000,0x00000000f2a00000,0x00000000f2a00000)
  from space 512K, 6% used [0x00000000f2e00000,0x00000000f2e08000,0x00000000f2e80000)
  to   space 11776K, 0% used [0x00000000f3580000,0x00000000f3580000,0x00000000f4100000)
 ParOldGen       total 38912K, used 28188K [0x00000000c6a00000, 0x00000000c9000000, 0x00000000ece00000)
  object space 38912K, 72% used [0x00000000c6a00000,0x00000000c85871d8,0x00000000c9000000)
 PSPermGen       total 21504K, used 20552K [0x00000000bc400000, 0x00000000bd900000, 0x00000000c6a00000)
  object space 21504K, 95% used [0x00000000bc400000,0x00000000bd812088,0x00000000bd900000)
Event: 145.757 GC heap after
Heap after GC invocations=14 (full 0):
 PSYoungGen      total 97792K, used 64K [0x00000000ece00000, 0x00000000f3c80000, 0x0000000100000000)
  eden space 90624K, 0% used [0x00000000ece00000,0x00000000ece00000,0x00000000f2680000)
  from space 7168K, 0% used [0x00000000f3580000,0x00000000f3590000,0x00000000f3c80000)
  to   space 11264K, 0% used [0x00000000f2680000,0x00000000f2680000,0x00000000f3180000)
 ParOldGen       total 38912K, used 28196K [0x00000000c6a00000, 0x00000000c9000000, 0x00000000ece00000)
  object space 38912K, 72% used [0x00000000c6a00000,0x00000000c85891d8,0x00000000c9000000)
 PSPermGen       total 21504K, used 20552K [0x00000000bc400000, 0x00000000bd900000, 0x00000000c6a00000)
  object space 21504K, 95% used [0x00000000bc400000,0x00000000bd812088,0x00000000bd900000)
}
Event: 159.049 GC heap before
{Heap before GC invocations=15 (full 0):
 PSYoungGen      total 97792K, used 90688K [0x00000000ece00000, 0x00000000f3c80000, 0x0000000100000000)
  eden space 90624K, 100% used [0x00000000ece00000,0x00000000f2680000,0x00000000f2680000)
  from space 7168K, 0% used [0x00000000f3580000,0x00000000f3590000,0x00000000f3c80000)
  to   space 11264K, 0% used [0x00000000f2680000,0x00000000f2680000,0x00000000f3180000)
 ParOldGen       total 38912K, used 28196K [0x00000000c6a00000, 0x00000000c9000000, 0x00000000ece00000)
  object space 38912K, 72% used [0x00000000c6a00000,0x00000000c85891d8,0x00000000c9000000)
 PSPermGen       total 21504K, used 20555K [0x00000000bc400000, 0x00000000bd900000, 0x00000000c6a00000)
  object space 21504K, 95% used [0x00000000bc400000,0x00000000bd812e00,0x00000000bd900000)
Event: 159.052 GC heap after
Heap after GC invocations=15 (full 0):
 PSYoungGen      total 87552K, used 64K [0x00000000ece00000, 0x00000000f3800000, 0x0000000100000000)
  eden space 87040K, 0% used [0x00000000ece00000,0x00000000ece00000,0x00000000f2300000)
  from space 512K, 12% used [0x00000000f2680000,0x00000000f2690000,0x00000000f2700000)
  to   space 10752K, 0% used [0x00000000f2d80000,0x00000000f2d80000,0x00000000f3800000)
 ParOldGen       total 38912K, used 28196K [0x00000000c6a00000, 0x00000000c9000000, 0x00000000ece00000)
  object space 38912K, 72% used [0x00000000c6a00000,0x00000000c85891d8,0x00000000c9000000)
 PSPermGen       total 21504K, used 20555K [0x00000000bc400000, 0x00000000bd900000, 0x00000000c6a00000)
  object space 21504K, 95% used [0x00000000bc400000,0x00000000bd812e00,0x00000000bd900000)
}
Event: 173.343 GC heap before
{Heap before GC invocations=16 (full 0):
 PSYoungGen      total 87552K, used 87104K [0x00000000ece00000, 0x00000000f3800000, 0x0000000100000000)
  eden space 87040K, 100% used [0x00000000ece00000,0x00000000f2300000,0x00000000f2300000)
  from space 512K, 12% used [0x00000000f2680000,0x00000000f2690000,0x00000000f2700000)
  to   space 10752K, 0% used [0x00000000f2d80000,0x00000000f2d80000,0x00000000f3800000)
 ParOldGen       total 38912K, used 28196K [0x00000000c6a00000, 0x00000000c9000000, 0x00000000ece00000)
  object space 38912K, 72% used [0x00000000c6a00000,0x00000000c85891d8,0x00000000c9000000)
 PSPermGen       total 21504K, used 20555K [0x00000000bc400000, 0x00000000bd900000, 0x00000000c6a00000)
  object space 21504K, 95% used [0x00000000bc400000,0x00000000bd812e00,0x00000000bd900000)
Event: 173.349 GC heap after
Heap after GC invocations=16 (full 0):
 PSYoungGen      total 89600K, used 64K [0x00000000ece00000, 0x00000000f3380000, 0x0000000100000000)
  eden space 83456K, 0% used [0x00000000ece00000,0x00000000ece00000,0x00000000f1f80000)
  from space 6144K, 1% used [0x00000000f2d80000,0x00000000f2d90000,0x00000000f3380000)
  to   space 10240K, 0% used [0x00000000f1f80000,0x00000000f1f80000,0x00000000f2980000)
 ParOldGen       total 38912K, used 28212K [0x00000000c6a00000, 0x00000000c9000000, 0x00000000ece00000)
  object space 38912K, 72% used [0x00000000c6a00000,0x00000000c858d1d8,0x00000000c9000000)
 PSPermGen       total 21504K, used 20555K [0x00000000bc400000, 0x00000000bd900000, 0x00000000c6a00000)
  object space 21504K, 95% used [0x00000000bc400000,0x00000000bd812e00,0x00000000bd900000)
}
Event: 195.755 GC heap before
{Heap before GC invocations=17 (full 0):
 PSYoungGen      total 89600K, used 83520K [0x00000000ece00000, 0x00000000f3380000, 0x0000000100000000)
  eden space 83456K, 100% used [0x00000000ece00000,0x00000000f1f80000,0x00000000f1f80000)
  from space 6144K, 1% used [0x00000000f2d80000,0x00000000f2d90000,0x00000000f3380000)
  to   space 10240K, 0% used [0x00000000f1f80000,0x00000000f1f80000,0x00000000f2980000)
 ParOldGen       total 38912K, used 28212K [0x00000000c6a00000, 0x00000000c9000000, 0x00000000ece00000)
  object space 38912K, 72% used [0x00000000c6a00000,0x00000000c858d1d8,0x00000000c9000000)
 PSPermGen       total 21504K, used 20555K [0x00000000bc400000, 0x00000000bd900000, 0x00000000c6a00000)
  object space 21504K, 95% used [0x00000000bc400000,0x00000000bd812e20,0x00000000bd900000)
Event: 195.758 GC heap after
Heap after GC invocations=17 (full 0):
 PSYoungGen      total 80896K, used 64K [0x00000000ece00000, 0x00000000f2f80000, 0x0000000100000000)
  eden space 80384K, 0% used [0x00000000ece00000,0x00000000ece00000,0x00000000f1c80000)
  from space 512K, 12% used [0x00000000f1f80000,0x00000000f1f90000,0x00000000f2000000)
  to   space 9728K, 0% used [0x00000000f2600000,0x00000000f2600000,0x00000000f2f80000)
 ParOldGen       total 38912K, used 28220K [0x00000000c6a00000, 0x00000000c9000000, 0x00000000ece00000)
  object space 38912K, 72% used [0x00000000c6a00000,0x00000000c858f1d8,0x00000000c9000000)
 PSPermGen       total 21504K, used 20555K [0x00000000bc400000, 0x00000000bd900000, 0x00000000c6a00000)
  object space 21504K, 95% used [0x00000000bc400000,0x00000000bd812e20,0x00000000bd900000)
}

